<?xml version="1.0" encoding="UTF-8"?>
<!-- Generated by org.testng.reporters.JUnitXMLReporter -->
<testsuite ignored="18" hostname="DESKTOP-53M49C2" failures="5" tests="14" name="Test-Runner-firefox" time="474.086" errors="0" timestamp="2023-08-29T16:13:43 IST">
  <testcase classname="skillbox.PunchSalesTest.PunchSalesTest" name="punchsale" time="36.631"/>
  <testcase classname="skillbox.CreateDiyTest.CreateDiyTest" name="creatediy" time="7.432">
    <failure type="org.openqa.selenium.ElementClickInterceptedException" message="Element &amp;lt;nz-select class=&amp;quot;custom-f-control ng-tns-c9-5 ant-select ant-select-lg ant-select-enabled ng-untouched ng-pristine ng-invalid&amp;quot;&amp;gt; is not clickable at point (674,318) because another element &amp;lt;circle&amp;gt; obscures it
Build info: version: &amp;apos;4.9.1&amp;apos;, revision: &amp;apos;eb2032df7f&amp;apos;
System info: os.name: &amp;apos;Windows 10&amp;apos;, os.arch: &amp;apos;amd64&amp;apos;, os.version: &amp;apos;10.0&amp;apos;, java.version: &amp;apos;17.0.8&amp;apos;
Driver info: org.openqa.selenium.firefox.FirefoxDriver
Command: [3370837a-6b50-4919-89be-681b3aacadac, clickElement {id=e6075056-306b-4f65-96e1-473cbff241c7}]
Capabilities {acceptInsecureCerts: true, browserName: firefox, browserVersion: 116.0.3, moz:accessibilityChecks: false, moz:buildID: 20230815173142, moz:debuggerAddress: 127.0.0.1:30267, moz:geckodriverVersion: 0.33.0, moz:headless: false, moz:platformVersion: 10.0, moz:processID: 8224, moz:profile: C:\Users\SHIVAM~1\AppData\L..., moz:shutdownTimeout: 60000, moz:webdriverClick: true, moz:windowless: false, pageLoadStrategy: normal, platformName: windows, proxy: Proxy(), se:cdp: ws://127.0.0.1:30267/devtoo..., se:cdpVersion: 85.0, setWindowRect: true, strictFileInteractability: false, timeouts: {implicit: 0, pageLoad: 300000, script: 30000}, unhandledPromptBehavior: dismiss and notify}
Element: [[FirefoxDriver: firefox on windows (3370837a-6b50-4919-89be-681b3aacadac)] -&amp;gt; xpath: //div[@class=&amp;apos;row&amp;apos;]/div[4]/nz-select]
Session ID: 3370837a-6b50-4919-89be-681b3aacadac">
      <![CDATA[org.openqa.selenium.ElementClickInterceptedException: Element <nz-select class="custom-f-control ng-tns-c9-5 ant-select ant-select-lg ant-select-enabled ng-untouched ng-pristine ng-invalid"> is not clickable at point (674,318) because another element <circle> obscures it
Build info: version: '4.9.1', revision: 'eb2032df7f'
System info: os.name: 'Windows 10', os.arch: 'amd64', os.version: '10.0', java.version: '17.0.8'
Driver info: org.openqa.selenium.firefox.FirefoxDriver
Command: [3370837a-6b50-4919-89be-681b3aacadac, clickElement {id=e6075056-306b-4f65-96e1-473cbff241c7}]
Capabilities {acceptInsecureCerts: true, browserName: firefox, browserVersion: 116.0.3, moz:accessibilityChecks: false, moz:buildID: 20230815173142, moz:debuggerAddress: 127.0.0.1:30267, moz:geckodriverVersion: 0.33.0, moz:headless: false, moz:platformVersion: 10.0, moz:processID: 8224, moz:profile: C:\Users\SHIVAM~1\AppData\L..., moz:shutdownTimeout: 60000, moz:webdriverClick: true, moz:windowless: false, pageLoadStrategy: normal, platformName: windows, proxy: Proxy(), se:cdp: ws://127.0.0.1:30267/devtoo..., se:cdpVersion: 85.0, setWindowRect: true, strictFileInteractability: false, timeouts: {implicit: 0, pageLoad: 300000, script: 30000}, unhandledPromptBehavior: dismiss and notify}
Element: [[FirefoxDriver: firefox on windows (3370837a-6b50-4919-89be-681b3aacadac)] -> xpath: //div[@class='row']/div[4]/nz-select]
Session ID: 3370837a-6b50-4919-89be-681b3aacadac
at org.openqa.selenium.remote.codec.w3c.W3CHttpResponseCodec.createException(W3CHttpResponseCodec.java:200)
at org.openqa.selenium.remote.codec.w3c.W3CHttpResponseCodec.decode(W3CHttpResponseCodec.java:133)
at org.openqa.selenium.remote.codec.w3c.W3CHttpResponseCodec.decode(W3CHttpResponseCodec.java:53)
at org.openqa.selenium.remote.HttpCommandExecutor.execute(HttpCommandExecutor.java:193)
at org.openqa.selenium.remote.service.DriverCommandExecutor.invokeExecute(DriverCommandExecutor.java:183)
at org.openqa.selenium.remote.service.DriverCommandExecutor.execute(DriverCommandExecutor.java:158)
at org.openqa.selenium.remote.RemoteWebDriver.execute(RemoteWebDriver.java:543)
at org.openqa.selenium.remote.RemoteWebElement.execute(RemoteWebElement.java:257)
at org.openqa.selenium.remote.RemoteWebElement.click(RemoteWebElement.java:78)
at org.openqa.selenium.support.pagefactory.internal.LocatingElementHandler.invoke(LocatingElementHandler.java:52)
at jdk.proxy2/jdk.proxy2.$Proxy24.click(Unknown Source)
at skillbox.ObjectRepository.CreateListingPage.fillDiyForm(CreateListingPage.java:307)
at skillbox.CreateDiyTest.CreateDiyTest.creatediy(CreateDiyTest.java:20)
at java.base/java.util.ArrayList.forEach(ArrayList.java:1511)
... Removed 35 stack frames]]>
    </failure>
  </testcase> <!-- creatediy -->
  <testcase classname="skillbox.CreateProfileWithProfileCompleteTest.SignUpArtistTest" name="signua" time="38.493"/>
  <testcase classname="skillbox.CreateProfileWithProfileCompleteTest.SignUpBusinessTest" name="signupb" time="37.446"/>
  <testcase classname="skillbox.CreateProfileWithProfileCompleteTest.SignUpFanTest" name="signupf" time="32.847"/>
  <testcase classname="skillbox.CreatePromoterAndWalkin.CreatePromoterAndWalkinTest" name="createpromoter" time="21.457"/>
  <testcase classname="skillbox.EventBookTest.AddOnEventBookTest" name="freeticketbook" time="46.156"/>
  <testcase classname="skillbox.EventBookTest.FreeEventBookTest" name="freeticketbook" time="26.66"/>
  <testcase classname="skillbox.EventBookTest.PaidEventBookTest" name="eventbook" time="21.934">
    <failure type="org.openqa.selenium.StaleElementReferenceException" message="The element with the reference 97ccfcc5-c1d2-4dab-9f9b-6caf35d514d8 is stale; either its node document is not the active document, or it is no longer connected to the DOM
For documentation on this error, please visit: https://selenium.dev/exceptions/#stale_element_reference
Build info: version: &amp;apos;4.9.1&amp;apos;, revision: &amp;apos;eb2032df7f&amp;apos;
System info: os.name: &amp;apos;Windows 10&amp;apos;, os.arch: &amp;apos;amd64&amp;apos;, os.version: &amp;apos;10.0&amp;apos;, java.version: &amp;apos;17.0.8&amp;apos;
Driver info: org.openqa.selenium.firefox.FirefoxDriver
Command: [54c3b805-832f-4a57-ace6-6a8019b5c788, isElementDisplayed {id=97ccfcc5-c1d2-4dab-9f9b-6caf35d514d8}]
Capabilities {acceptInsecureCerts: true, browserName: firefox, browserVersion: 116.0.3, moz:accessibilityChecks: false, moz:buildID: 20230815173142, moz:debuggerAddress: 127.0.0.1:43751, moz:geckodriverVersion: 0.33.0, moz:headless: false, moz:platformVersion: 10.0, moz:processID: 11644, moz:profile: C:\Users\SHIVAM~1\AppData\L..., moz:shutdownTimeout: 60000, moz:webdriverClick: true, moz:windowless: false, pageLoadStrategy: normal, platformName: windows, proxy: Proxy(), se:cdp: ws://127.0.0.1:43751/devtoo..., se:cdpVersion: 85.0, setWindowRect: true, strictFileInteractability: false, timeouts: {implicit: 0, pageLoad: 300000, script: 30000}, unhandledPromptBehavior: dismiss and notify}
Element: [[FirefoxDriver: firefox on windows (54c3b805-832f-4a57-ace6-6a8019b5c788)] -&amp;gt; xpath: //input[@placeholder=&amp;apos;Email address&amp;apos;]]
Session ID: 54c3b805-832f-4a57-ace6-6a8019b5c788">
      <![CDATA[org.openqa.selenium.StaleElementReferenceException: The element with the reference 97ccfcc5-c1d2-4dab-9f9b-6caf35d514d8 is stale; either its node document is not the active document, or it is no longer connected to the DOM
For documentation on this error, please visit: https://selenium.dev/exceptions/#stale_element_reference
Build info: version: '4.9.1', revision: 'eb2032df7f'
System info: os.name: 'Windows 10', os.arch: 'amd64', os.version: '10.0', java.version: '17.0.8'
Driver info: org.openqa.selenium.firefox.FirefoxDriver
Command: [54c3b805-832f-4a57-ace6-6a8019b5c788, isElementDisplayed {id=97ccfcc5-c1d2-4dab-9f9b-6caf35d514d8}]
Capabilities {acceptInsecureCerts: true, browserName: firefox, browserVersion: 116.0.3, moz:accessibilityChecks: false, moz:buildID: 20230815173142, moz:debuggerAddress: 127.0.0.1:43751, moz:geckodriverVersion: 0.33.0, moz:headless: false, moz:platformVersion: 10.0, moz:processID: 11644, moz:profile: C:\Users\SHIVAM~1\AppData\L..., moz:shutdownTimeout: 60000, moz:webdriverClick: true, moz:windowless: false, pageLoadStrategy: normal, platformName: windows, proxy: Proxy(), se:cdp: ws://127.0.0.1:43751/devtoo..., se:cdpVersion: 85.0, setWindowRect: true, strictFileInteractability: false, timeouts: {implicit: 0, pageLoad: 300000, script: 30000}, unhandledPromptBehavior: dismiss and notify}
Element: [[FirefoxDriver: firefox on windows (54c3b805-832f-4a57-ace6-6a8019b5c788)] -> xpath: //input[@placeholder='Email address']]
Session ID: 54c3b805-832f-4a57-ace6-6a8019b5c788
at org.openqa.selenium.remote.codec.w3c.W3CHttpResponseCodec.createException(W3CHttpResponseCodec.java:200)
at org.openqa.selenium.remote.codec.w3c.W3CHttpResponseCodec.decode(W3CHttpResponseCodec.java:133)
at org.openqa.selenium.remote.codec.w3c.W3CHttpResponseCodec.decode(W3CHttpResponseCodec.java:53)
at org.openqa.selenium.remote.HttpCommandExecutor.execute(HttpCommandExecutor.java:193)
at org.openqa.selenium.remote.service.DriverCommandExecutor.invokeExecute(DriverCommandExecutor.java:183)
at org.openqa.selenium.remote.service.DriverCommandExecutor.execute(DriverCommandExecutor.java:158)
at org.openqa.selenium.remote.RemoteWebDriver.execute(RemoteWebDriver.java:543)
at org.openqa.selenium.remote.RemoteWebElement.execute(RemoteWebElement.java:257)
at org.openqa.selenium.remote.RemoteWebElement.isDisplayed(RemoteWebElement.java:313)
at org.openqa.selenium.support.pagefactory.internal.LocatingElementHandler.invoke(LocatingElementHandler.java:52)
at jdk.proxy2/jdk.proxy2.$Proxy24.isDisplayed(Unknown Source)
at org.openqa.selenium.support.ui.ExpectedConditions.elementIfVisible(ExpectedConditions.java:307)
at org.openqa.selenium.support.ui.ExpectedConditions.access$000(ExpectedConditions.java:40)
at org.openqa.selenium.support.ui.ExpectedConditions$10.apply(ExpectedConditions.java:293)
at org.openqa.selenium.support.ui.ExpectedConditions$10.apply(ExpectedConditions.java:290)
at org.openqa.selenium.support.ui.FluentWait.until(FluentWait.java:208)
at skillbox.GenericUtilities.WebDriverUtility.waitForElementToBeVisible(WebDriverUtility.java:72)
at skillbox.ObjectRepository.EventBookingPage.signupOnEventBook(EventBookingPage.java:165)
at skillbox.EventBookTest.PaidEventBookTest.eventbook(PaidEventBookTest.java:41)
at java.base/java.util.ArrayList.forEach(ArrayList.java:1511)
... Removed 35 stack frames]]>
    </failure>
  </testcase> <!-- eventbook -->
  <testcase classname="skillbox.FeedsTest.FeedsTest" name="text" time="10.703"/>
  <testcase classname="skillbox.FeedsTest.FeedsTest" name="like" time="0.061">
    <failure type="org.openqa.selenium.ElementClickInterceptedException" message="Element &amp;lt;span class=&amp;quot;mdi mdi-heart action-btn&amp;quot;&amp;gt; is not clickable at point (430,420) because another element &amp;lt;div class=&amp;quot;modal-backdrop fade&amp;quot;&amp;gt; obscures it
Build info: version: &amp;apos;4.9.1&amp;apos;, revision: &amp;apos;eb2032df7f&amp;apos;
System info: os.name: &amp;apos;Windows 10&amp;apos;, os.arch: &amp;apos;amd64&amp;apos;, os.version: &amp;apos;10.0&amp;apos;, java.version: &amp;apos;17.0.8&amp;apos;
Driver info: org.openqa.selenium.firefox.FirefoxDriver
Command: [76e65c4a-1f3e-4faa-ae87-f2375d0efda8, clickElement {id=12357ed4-90e6-4c46-a094-b4f4cbe4ef72}]
Capabilities {acceptInsecureCerts: true, browserName: firefox, browserVersion: 116.0.3, moz:accessibilityChecks: false, moz:buildID: 20230815173142, moz:debuggerAddress: 127.0.0.1:25886, moz:geckodriverVersion: 0.33.0, moz:headless: false, moz:platformVersion: 10.0, moz:processID: 1172, moz:profile: C:\Users\SHIVAM~1\AppData\L..., moz:shutdownTimeout: 60000, moz:webdriverClick: true, moz:windowless: false, pageLoadStrategy: normal, platformName: windows, proxy: Proxy(), se:cdp: ws://127.0.0.1:25886/devtoo..., se:cdpVersion: 85.0, setWindowRect: true, strictFileInteractability: false, timeouts: {implicit: 0, pageLoad: 300000, script: 30000}, unhandledPromptBehavior: dismiss and notify}
Element: [[FirefoxDriver: firefox on windows (76e65c4a-1f3e-4faa-ae87-f2375d0efda8)] -&amp;gt; xpath: //span[@class=&amp;apos;mdi mdi-heart action-btn&amp;apos;]]
Session ID: 76e65c4a-1f3e-4faa-ae87-f2375d0efda8">
      <![CDATA[org.openqa.selenium.ElementClickInterceptedException: Element <span class="mdi mdi-heart action-btn"> is not clickable at point (430,420) because another element <div class="modal-backdrop fade"> obscures it
Build info: version: '4.9.1', revision: 'eb2032df7f'
System info: os.name: 'Windows 10', os.arch: 'amd64', os.version: '10.0', java.version: '17.0.8'
Driver info: org.openqa.selenium.firefox.FirefoxDriver
Command: [76e65c4a-1f3e-4faa-ae87-f2375d0efda8, clickElement {id=12357ed4-90e6-4c46-a094-b4f4cbe4ef72}]
Capabilities {acceptInsecureCerts: true, browserName: firefox, browserVersion: 116.0.3, moz:accessibilityChecks: false, moz:buildID: 20230815173142, moz:debuggerAddress: 127.0.0.1:25886, moz:geckodriverVersion: 0.33.0, moz:headless: false, moz:platformVersion: 10.0, moz:processID: 1172, moz:profile: C:\Users\SHIVAM~1\AppData\L..., moz:shutdownTimeout: 60000, moz:webdriverClick: true, moz:windowless: false, pageLoadStrategy: normal, platformName: windows, proxy: Proxy(), se:cdp: ws://127.0.0.1:25886/devtoo..., se:cdpVersion: 85.0, setWindowRect: true, strictFileInteractability: false, timeouts: {implicit: 0, pageLoad: 300000, script: 30000}, unhandledPromptBehavior: dismiss and notify}
Element: [[FirefoxDriver: firefox on windows (76e65c4a-1f3e-4faa-ae87-f2375d0efda8)] -> xpath: //span[@class='mdi mdi-heart action-btn']]
Session ID: 76e65c4a-1f3e-4faa-ae87-f2375d0efda8
at org.openqa.selenium.remote.codec.w3c.W3CHttpResponseCodec.createException(W3CHttpResponseCodec.java:200)
at org.openqa.selenium.remote.codec.w3c.W3CHttpResponseCodec.decode(W3CHttpResponseCodec.java:133)
at org.openqa.selenium.remote.codec.w3c.W3CHttpResponseCodec.decode(W3CHttpResponseCodec.java:53)
at org.openqa.selenium.remote.HttpCommandExecutor.execute(HttpCommandExecutor.java:193)
at org.openqa.selenium.remote.service.DriverCommandExecutor.invokeExecute(DriverCommandExecutor.java:183)
at org.openqa.selenium.remote.service.DriverCommandExecutor.execute(DriverCommandExecutor.java:158)
at org.openqa.selenium.remote.RemoteWebDriver.execute(RemoteWebDriver.java:543)
at org.openqa.selenium.remote.RemoteWebElement.execute(RemoteWebElement.java:257)
at org.openqa.selenium.remote.RemoteWebElement.click(RemoteWebElement.java:78)
at org.openqa.selenium.support.pagefactory.internal.LocatingElementHandler.invoke(LocatingElementHandler.java:52)
at jdk.proxy2/jdk.proxy2.$Proxy24.click(Unknown Source)
at skillbox.ObjectRepository.FeedsPage.feedLike(FeedsPage.java:185)
at skillbox.FeedsTest.FeedsTest.like(FeedsTest.java:33)
at java.base/java.util.ArrayList.forEach(ArrayList.java:1511)
... Removed 35 stack frames]]>
    </failure>
  </testcase> <!-- like -->
  <testcase classname="skillbox.FeedsTest.FeedsTest" name="audio" time="0.05">
    <failure type="org.openqa.selenium.ElementClickInterceptedException" message="Element &amp;lt;div class=&amp;quot;bg-light sub-text ml-3 flex-grow-1 border rounded px-4 py-3 h-100 cursor-pointer&amp;quot;&amp;gt; is not clickable at point (709,121) because another element &amp;lt;div class=&amp;quot;modal-backdrop fade&amp;quot;&amp;gt; obscures it
Build info: version: &amp;apos;4.9.1&amp;apos;, revision: &amp;apos;eb2032df7f&amp;apos;
System info: os.name: &amp;apos;Windows 10&amp;apos;, os.arch: &amp;apos;amd64&amp;apos;, os.version: &amp;apos;10.0&amp;apos;, java.version: &amp;apos;17.0.8&amp;apos;
Driver info: org.openqa.selenium.firefox.FirefoxDriver
Command: [76e65c4a-1f3e-4faa-ae87-f2375d0efda8, clickElement {id=4bbff361-5ee2-49d1-937e-b3e738550f0d}]
Capabilities {acceptInsecureCerts: true, browserName: firefox, browserVersion: 116.0.3, moz:accessibilityChecks: false, moz:buildID: 20230815173142, moz:debuggerAddress: 127.0.0.1:25886, moz:geckodriverVersion: 0.33.0, moz:headless: false, moz:platformVersion: 10.0, moz:processID: 1172, moz:profile: C:\Users\SHIVAM~1\AppData\L..., moz:shutdownTimeout: 60000, moz:webdriverClick: true, moz:windowless: false, pageLoadStrategy: normal, platformName: windows, proxy: Proxy(), se:cdp: ws://127.0.0.1:25886/devtoo..., se:cdpVersion: 85.0, setWindowRect: true, strictFileInteractability: false, timeouts: {implicit: 0, pageLoad: 300000, script: 30000}, unhandledPromptBehavior: dismiss and notify}
Element: [[FirefoxDriver: firefox on windows (76e65c4a-1f3e-4faa-ae87-f2375d0efda8)] -&amp;gt; xpath: //div[text()=&amp;apos; Whats new? &amp;apos;]]
Session ID: 76e65c4a-1f3e-4faa-ae87-f2375d0efda8">
      <![CDATA[org.openqa.selenium.ElementClickInterceptedException: Element <div class="bg-light sub-text ml-3 flex-grow-1 border rounded px-4 py-3 h-100 cursor-pointer"> is not clickable at point (709,121) because another element <div class="modal-backdrop fade"> obscures it
Build info: version: '4.9.1', revision: 'eb2032df7f'
System info: os.name: 'Windows 10', os.arch: 'amd64', os.version: '10.0', java.version: '17.0.8'
Driver info: org.openqa.selenium.firefox.FirefoxDriver
Command: [76e65c4a-1f3e-4faa-ae87-f2375d0efda8, clickElement {id=4bbff361-5ee2-49d1-937e-b3e738550f0d}]
Capabilities {acceptInsecureCerts: true, browserName: firefox, browserVersion: 116.0.3, moz:accessibilityChecks: false, moz:buildID: 20230815173142, moz:debuggerAddress: 127.0.0.1:25886, moz:geckodriverVersion: 0.33.0, moz:headless: false, moz:platformVersion: 10.0, moz:processID: 1172, moz:profile: C:\Users\SHIVAM~1\AppData\L..., moz:shutdownTimeout: 60000, moz:webdriverClick: true, moz:windowless: false, pageLoadStrategy: normal, platformName: windows, proxy: Proxy(), se:cdp: ws://127.0.0.1:25886/devtoo..., se:cdpVersion: 85.0, setWindowRect: true, strictFileInteractability: false, timeouts: {implicit: 0, pageLoad: 300000, script: 30000}, unhandledPromptBehavior: dismiss and notify}
Element: [[FirefoxDriver: firefox on windows (76e65c4a-1f3e-4faa-ae87-f2375d0efda8)] -> xpath: //div[text()=' Whats new? ']]
Session ID: 76e65c4a-1f3e-4faa-ae87-f2375d0efda8
at org.openqa.selenium.remote.codec.w3c.W3CHttpResponseCodec.createException(W3CHttpResponseCodec.java:200)
at org.openqa.selenium.remote.codec.w3c.W3CHttpResponseCodec.decode(W3CHttpResponseCodec.java:133)
at org.openqa.selenium.remote.codec.w3c.W3CHttpResponseCodec.decode(W3CHttpResponseCodec.java:53)
at org.openqa.selenium.remote.HttpCommandExecutor.execute(HttpCommandExecutor.java:193)
at org.openqa.selenium.remote.service.DriverCommandExecutor.invokeExecute(DriverCommandExecutor.java:183)
at org.openqa.selenium.remote.service.DriverCommandExecutor.execute(DriverCommandExecutor.java:158)
at org.openqa.selenium.remote.RemoteWebDriver.execute(RemoteWebDriver.java:543)
at org.openqa.selenium.remote.RemoteWebElement.execute(RemoteWebElement.java:257)
at org.openqa.selenium.remote.RemoteWebElement.click(RemoteWebElement.java:78)
at org.openqa.selenium.support.pagefactory.internal.LocatingElementHandler.invoke(LocatingElementHandler.java:52)
at jdk.proxy2/jdk.proxy2.$Proxy24.click(Unknown Source)
at skillbox.ObjectRepository.FeedsPage.feedsPostAudio(FeedsPage.java:199)
at skillbox.FeedsTest.FeedsTest.audio(FeedsTest.java:47)
at java.base/java.util.ArrayList.forEach(ArrayList.java:1511)
... Removed 35 stack frames]]>
    </failure>
  </testcase> <!-- audio -->
  <testcase classname="skillbox.FeedsTest.FeedsTest" name="video" time="23.939"/>
  <testcase classname="skillbox.FeedsTest.FeedsTest" name="image" time="12.172">
    <failure type="org.openqa.selenium.ElementClickInterceptedException" message="Element &amp;lt;span class=&amp;quot;mdi mdi-dots-horizontal drop-down-icon&amp;quot;&amp;gt; is not clickable at point (911,627) because another element &amp;lt;div class=&amp;quot;modal-backdrop fade show&amp;quot;&amp;gt; obscures it
Build info: version: &amp;apos;4.9.1&amp;apos;, revision: &amp;apos;eb2032df7f&amp;apos;
System info: os.name: &amp;apos;Windows 10&amp;apos;, os.arch: &amp;apos;amd64&amp;apos;, os.version: &amp;apos;10.0&amp;apos;, java.version: &amp;apos;17.0.8&amp;apos;
Driver info: org.openqa.selenium.firefox.FirefoxDriver
Command: [76e65c4a-1f3e-4faa-ae87-f2375d0efda8, clickElement {id=0f229b29-2880-4425-af50-5852bdc3ab6c}]
Capabilities {acceptInsecureCerts: true, browserName: firefox, browserVersion: 116.0.3, moz:accessibilityChecks: false, moz:buildID: 20230815173142, moz:debuggerAddress: 127.0.0.1:25886, moz:geckodriverVersion: 0.33.0, moz:headless: false, moz:platformVersion: 10.0, moz:processID: 1172, moz:profile: C:\Users\SHIVAM~1\AppData\L..., moz:shutdownTimeout: 60000, moz:webdriverClick: true, moz:windowless: false, pageLoadStrategy: normal, platformName: windows, proxy: Proxy(), se:cdp: ws://127.0.0.1:25886/devtoo..., se:cdpVersion: 85.0, setWindowRect: true, strictFileInteractability: false, timeouts: {implicit: 0, pageLoad: 300000, script: 30000}, unhandledPromptBehavior: dismiss and notify}
Element: [[FirefoxDriver: firefox on windows (76e65c4a-1f3e-4faa-ae87-f2375d0efda8)] -&amp;gt; xpath: //span[@data-toggle=&amp;apos;dropdown&amp;apos;]]
Session ID: 76e65c4a-1f3e-4faa-ae87-f2375d0efda8">
      <![CDATA[org.openqa.selenium.ElementClickInterceptedException: Element <span class="mdi mdi-dots-horizontal drop-down-icon"> is not clickable at point (911,627) because another element <div class="modal-backdrop fade show"> obscures it
Build info: version: '4.9.1', revision: 'eb2032df7f'
System info: os.name: 'Windows 10', os.arch: 'amd64', os.version: '10.0', java.version: '17.0.8'
Driver info: org.openqa.selenium.firefox.FirefoxDriver
Command: [76e65c4a-1f3e-4faa-ae87-f2375d0efda8, clickElement {id=0f229b29-2880-4425-af50-5852bdc3ab6c}]
Capabilities {acceptInsecureCerts: true, browserName: firefox, browserVersion: 116.0.3, moz:accessibilityChecks: false, moz:buildID: 20230815173142, moz:debuggerAddress: 127.0.0.1:25886, moz:geckodriverVersion: 0.33.0, moz:headless: false, moz:platformVersion: 10.0, moz:processID: 1172, moz:profile: C:\Users\SHIVAM~1\AppData\L..., moz:shutdownTimeout: 60000, moz:webdriverClick: true, moz:windowless: false, pageLoadStrategy: normal, platformName: windows, proxy: Proxy(), se:cdp: ws://127.0.0.1:25886/devtoo..., se:cdpVersion: 85.0, setWindowRect: true, strictFileInteractability: false, timeouts: {implicit: 0, pageLoad: 300000, script: 30000}, unhandledPromptBehavior: dismiss and notify}
Element: [[FirefoxDriver: firefox on windows (76e65c4a-1f3e-4faa-ae87-f2375d0efda8)] -> xpath: //span[@data-toggle='dropdown']]
Session ID: 76e65c4a-1f3e-4faa-ae87-f2375d0efda8
at org.openqa.selenium.remote.codec.w3c.W3CHttpResponseCodec.createException(W3CHttpResponseCodec.java:200)
at org.openqa.selenium.remote.codec.w3c.W3CHttpResponseCodec.decode(W3CHttpResponseCodec.java:133)
at org.openqa.selenium.remote.codec.w3c.W3CHttpResponseCodec.decode(W3CHttpResponseCodec.java:53)
at org.openqa.selenium.remote.HttpCommandExecutor.execute(HttpCommandExecutor.java:193)
at org.openqa.selenium.remote.service.DriverCommandExecutor.invokeExecute(DriverCommandExecutor.java:183)
at org.openqa.selenium.remote.service.DriverCommandExecutor.execute(DriverCommandExecutor.java:158)
at org.openqa.selenium.remote.RemoteWebDriver.execute(RemoteWebDriver.java:543)
at org.openqa.selenium.remote.RemoteWebElement.execute(RemoteWebElement.java:257)
at org.openqa.selenium.remote.RemoteWebElement.click(RemoteWebElement.java:78)
at org.openqa.selenium.support.pagefactory.internal.LocatingElementHandler.invoke(LocatingElementHandler.java:52)
at jdk.proxy2/jdk.proxy2.$Proxy24.click(Unknown Source)
at skillbox.ObjectRepository.FeedsPage.delete(FeedsPage.java:156)
at skillbox.ObjectRepository.FeedsPage.feedsPostImg(FeedsPage.java:271)
at skillbox.FeedsTest.FeedsTest.image(FeedsTest.java:72)
at java.base/java.util.ArrayList.forEach(ArrayList.java:1511)
... Removed 35 stack frames]]>
    </failure>
  </testcase> <!-- image -->
  <testcase classname="skillbox.GenericUtilities.BaseClass" name="@BeforeSuite bsConfig" time="0.0">
    <ignored/>
  </testcase> <!-- @BeforeSuite bsConfig -->
  <testcase classname="skillbox.GenericUtilities.BaseClass" name="@BeforeSuite bsConfig" time="0.0">
    <ignored/>
  </testcase> <!-- @BeforeSuite bsConfig -->
  <testcase classname="skillbox.GenericUtilities.BaseClass" name="@BeforeSuite bsConfig" time="0.0">
    <ignored/>
  </testcase> <!-- @BeforeSuite bsConfig -->
  <testcase classname="skillbox.GenericUtilities.BaseClass" name="@BeforeSuite bsConfig" time="0.0">
    <ignored/>
  </testcase> <!-- @BeforeSuite bsConfig -->
  <testcase classname="skillbox.GenericUtilities.BaseClass" name="@AfterSuite asConfig" time="0.0">
    <ignored/>
  </testcase> <!-- @AfterSuite asConfig -->
  <testcase classname="skillbox.GenericUtilities.BaseClass" name="@BeforeSuite bsConfig" time="0.0">
    <ignored/>
  </testcase> <!-- @BeforeSuite bsConfig -->
  <testcase classname="skillbox.GenericUtilities.BaseClass" name="@AfterSuite asConfig" time="0.0">
    <ignored/>
  </testcase> <!-- @AfterSuite asConfig -->
  <testcase classname="skillbox.GenericUtilities.BaseClass" name="@AfterSuite asConfig" time="0.0">
    <ignored/>
  </testcase> <!-- @AfterSuite asConfig -->
  <testcase classname="skillbox.GenericUtilities.BaseClass" name="@BeforeSuite bsConfig" time="0.0">
    <ignored/>
  </testcase> <!-- @BeforeSuite bsConfig -->
  <testcase classname="skillbox.GenericUtilities.BaseClass" name="@AfterSuite asConfig" time="0.0">
    <ignored/>
  </testcase> <!-- @AfterSuite asConfig -->
  <testcase classname="skillbox.GenericUtilities.BaseClass" name="@AfterSuite asConfig" time="0.0">
    <ignored/>
  </testcase> <!-- @AfterSuite asConfig -->
  <testcase classname="skillbox.GenericUtilities.BaseClass" name="@BeforeSuite bsConfig" time="0.0">
    <ignored/>
  </testcase> <!-- @BeforeSuite bsConfig -->
  <testcase classname="skillbox.GenericUtilities.BaseClass" name="@BeforeSuite bsConfig" time="0.0">
    <ignored/>
  </testcase> <!-- @BeforeSuite bsConfig -->
  <testcase classname="skillbox.GenericUtilities.BaseClass" name="@BeforeSuite bsConfig" time="0.0">
    <ignored/>
  </testcase> <!-- @BeforeSuite bsConfig -->
  <testcase classname="skillbox.GenericUtilities.BaseClass" name="@AfterSuite asConfig" time="0.0">
    <ignored/>
  </testcase> <!-- @AfterSuite asConfig -->
  <testcase classname="skillbox.GenericUtilities.BaseClass" name="@AfterSuite asConfig" time="0.0">
    <ignored/>
  </testcase> <!-- @AfterSuite asConfig -->
  <testcase classname="skillbox.GenericUtilities.BaseClass" name="@AfterSuite asConfig" time="0.0">
    <ignored/>
  </testcase> <!-- @AfterSuite asConfig -->
  <testcase classname="skillbox.GenericUtilities.BaseClass" name="@AfterSuite asConfig" time="0.0">
    <ignored/>
  </testcase> <!-- @AfterSuite asConfig -->
</testsuite> <!-- Test-Runner-firefox -->
