<?xml version="1.0" encoding="UTF-8"?>
<!-- Generated by org.testng.reporters.JUnitXMLReporter -->
<testsuite ignored="18" hostname="DESKTOP-53M49C2" failures="0" tests="14" name="Test-Runner-chrome" time="549.951" errors="0" timestamp="2023-08-29T16:05:49 IST">
  <testcase classname="skillbox.PunchSalesTest.PunchSalesTest" name="punchsale" time="34.325"/>
  <testcase classname="skillbox.CreateDiyTest.CreateDiyTest" name="creatediy" time="80.47"/>
  <testcase classname="skillbox.CreateProfileWithProfileCompleteTest.SignUpArtistTest" name="signua" time="38.866"/>
  <testcase classname="skillbox.CreateProfileWithProfileCompleteTest.SignUpBusinessTest" name="signupb" time="35.258"/>
  <testcase classname="skillbox.CreateProfileWithProfileCompleteTest.SignUpFanTest" name="signupf" time="31.41"/>
  <testcase classname="skillbox.CreatePromoterAndWalkin.CreatePromoterAndWalkinTest" name="createpromoter" time="20.898"/>
  <testcase classname="skillbox.EventBookTest.AddOnEventBookTest" name="freeticketbook" time="43.529"/>
  <testcase classname="skillbox.EventBookTest.FreeEventBookTest" name="freeticketbook" time="24.384"/>
  <testcase classname="skillbox.EventBookTest.PaidEventBookTest" name="eventbook" time="60.136"/>
  <testcase classname="skillbox.FeedsTest.FeedsTest" name="text" time="9.383"/>
  <testcase classname="skillbox.FeedsTest.FeedsTest" name="like" time="2.459"/>
  <testcase classname="skillbox.FeedsTest.FeedsTest" name="audio" time="25.865"/>
  <testcase classname="skillbox.FeedsTest.FeedsTest" name="video" time="25.929"/>
  <testcase classname="skillbox.FeedsTest.FeedsTest" name="image" time="14.071"/>
  <testcase classname="skillbox.GenericUtilities.BaseClass" name="@BeforeSuite bsConfig" time="0.0">
    <ignored/>
  </testcase> <!-- @BeforeSuite bsConfig -->
  <testcase classname="skillbox.GenericUtilities.BaseClass" name="@BeforeSuite bsConfig" time="0.0">
    <ignored/>
  </testcase> <!-- @BeforeSuite bsConfig -->
  <testcase classname="skillbox.GenericUtilities.BaseClass" name="@AfterSuite asConfig" time="0.0">
    <ignored/>
  </testcase> <!-- @AfterSuite asConfig -->
  <testcase classname="skillbox.GenericUtilities.BaseClass" name="@BeforeSuite bsConfig" time="0.0">
    <ignored/>
  </testcase> <!-- @BeforeSuite bsConfig -->
  <testcase classname="skillbox.GenericUtilities.BaseClass" name="@BeforeSuite bsConfig" time="0.0">
    <ignored/>
  </testcase> <!-- @BeforeSuite bsConfig -->
  <testcase classname="skillbox.GenericUtilities.BaseClass" name="@BeforeSuite bsConfig" time="0.0">
    <ignored/>
  </testcase> <!-- @BeforeSuite bsConfig -->
  <testcase classname="skillbox.GenericUtilities.BaseClass" name="@AfterSuite asConfig" time="0.0">
    <ignored/>
  </testcase> <!-- @AfterSuite asConfig -->
  <testcase classname="skillbox.GenericUtilities.BaseClass" name="@AfterSuite asConfig" time="0.0">
    <ignored/>
  </testcase> <!-- @AfterSuite asConfig -->
  <testcase classname="skillbox.GenericUtilities.BaseClass" name="@AfterSuite asConfig" time="0.0">
    <ignored/>
  </testcase> <!-- @AfterSuite asConfig -->
  <testcase classname="skillbox.GenericUtilities.BaseClass" name="@AfterSuite asConfig" time="0.0">
    <ignored/>
  </testcase> <!-- @AfterSuite asConfig -->
  <testcase classname="skillbox.GenericUtilities.BaseClass" name="@AfterSuite asConfig" time="0.0">
    <ignored/>
  </testcase> <!-- @AfterSuite asConfig -->
  <testcase classname="skillbox.GenericUtilities.BaseClass" name="@AfterSuite asConfig" time="0.0">
    <ignored/>
  </testcase> <!-- @AfterSuite asConfig -->
  <testcase classname="skillbox.GenericUtilities.BaseClass" name="@BeforeSuite bsConfig" time="0.0">
    <ignored/>
  </testcase> <!-- @BeforeSuite bsConfig -->
  <testcase classname="skillbox.GenericUtilities.BaseClass" name="@BeforeSuite bsConfig" time="0.0">
    <ignored/>
  </testcase> <!-- @BeforeSuite bsConfig -->
  <testcase classname="skillbox.GenericUtilities.BaseClass" name="@BeforeSuite bsConfig" time="0.0">
    <ignored/>
  </testcase> <!-- @BeforeSuite bsConfig -->
  <testcase classname="skillbox.GenericUtilities.BaseClass" name="@AfterSuite asConfig" time="0.0">
    <ignored/>
  </testcase> <!-- @AfterSuite asConfig -->
  <testcase classname="skillbox.GenericUtilities.BaseClass" name="@BeforeSuite bsConfig" time="0.0">
    <ignored/>
  </testcase> <!-- @BeforeSuite bsConfig -->
  <testcase classname="skillbox.GenericUtilities.BaseClass" name="@AfterSuite asConfig" time="0.0">
    <ignored/>
  </testcase> <!-- @AfterSuite asConfig -->
</testsuite> <!-- Test-Runner-chrome -->
