<?xml version="1.0" encoding="UTF-8"?>
<!-- Generated by org.testng.reporters.JUnitReportReporter -->
<testsuite hostname="MacBook-Pro.local" failures="0" tests="1" name="skillbox.CreateProfileWithProfileCompleteTest.SignUpFanTest" time="36.221" errors="0" timestamp="2024-05-08T06:02:10 IST" skipped="0">
  <testcase classname="skillbox.CreateProfileWithProfileCompleteTest.SignUpFanTest" name="signupf" time="36.221"/>
  <system-out/>
</testsuite> <!-- skillbox.CreateProfileWithProfileCompleteTest.SignUpFanTest -->
