<?xml version="1.0" encoding="UTF-8"?>
<!-- Generated by org.testng.reporters.JUnitReportReporter -->
<testsuite hostname="MacBook-Pro.local" failures="0" tests="1" name="skillbox.ManageSalesTest.BoostSalesTest" time="70.687" errors="0" timestamp="2025-04-03T16:55:59 IST" skipped="0">
  <testcase classname="skillbox.ManageSalesTest.BoostSalesTest" name="text" time="70.687"/>
  <system-out/>
</testsuite> <!-- skillbox.ManageSalesTest.BoostSalesTest -->
