<?xml version="1.0" encoding="UTF-8"?>
<!-- Generated by org.testng.reporters.JUnitReportReporter -->
<testsuite hostname="MacBook-Pro.local" failures="0" tests="1" name="skillbox.EventBookTest.AddGuestEventBookTest" time="64.170" errors="0" timestamp="2024-11-27T16:22:44 IST" skipped="0">
  <testcase classname="skillbox.EventBookTest.AddGuestEventBookTest" name="addoneventbook" time="64.170"/>
  <system-out/>
</testsuite> <!-- skillbox.EventBookTest.AddGuestEventBookTest -->
