<?xml version="1.0" encoding="UTF-8"?>
<!-- Generated by org.testng.reporters.JUnitReportReporter -->
<testsuite hostname="MacBook-Pro.local" failures="0" tests="1" name="skillbox.EventBookTest.DonationEventBookTest" time="39.235" errors="0" timestamp="2023-12-22T14:30:04 IST" skipped="0">
  <testcase classname="skillbox.EventBookTest.DonationEventBookTest" name="donationeventbook" time="39.235"/>
  <system-out/>
</testsuite> <!-- skillbox.EventBookTest.DonationEventBookTest -->
