<?xml version="1.0" encoding="UTF-8"?>
<!-- Generated by org.testng.reporters.JUnitReportReporter -->
<testsuite hostname="MacBook-Pro.local" failures="0" tests="1" name="skillbox.EventBookTest.PreRegistrationEventBookTest" time="50.023" errors="0" timestamp="2024-07-25T11:13:55 IST" skipped="0">
  <testcase classname="skillbox.EventBookTest.PreRegistrationEventBookTest" name="freeticketbook" time="50.023"/>
  <system-out/>
</testsuite> <!-- skillbox.EventBookTest.PreRegistrationEventBookTest -->
