<?xml version="1.0" encoding="UTF-8"?>
<!-- Generated by org.testng.reporters.JUnitReportReporter -->
<testsuite hostname="MacBook-Pro.local" failures="0" tests="1" name="skillbox.PunchSalesTest.PunchSalesTest" time="32.733" errors="0" timestamp="2023-12-27T07:46:55 IST" skipped="0">
  <testcase classname="skillbox.PunchSalesTest.PunchSalesTest" name="punchsale" time="32.733"/>
  <system-out/>
</testsuite> <!-- skillbox.PunchSalesTest.PunchSalesTest -->
