<?xml version="1.0" encoding="UTF-8"?>
<!-- Generated by org.testng.reporters.JUnitReportReporter -->
<testsuite hostname="MacBook-Pro.local" failures="0" tests="1" name="skillbox.EventBookTest.SeatSectionEventBookTest" time="62.191" errors="0" timestamp="2024-06-06T11:15:29 IST" skipped="0">
  <testcase classname="skillbox.EventBookTest.SeatSectionEventBookTest" name="addoneventbook" time="62.191"/>
  <system-out/>
</testsuite> <!-- skillbox.EventBookTest.SeatSectionEventBookTest -->
