<?xml version="1.0" encoding="UTF-8"?>
<!-- Generated by org.testng.reporters.JUnitReportReporter -->
<testsuite hostname="MacBook-Pro.local" failures="0" tests="1" name="skillbox.CreateProfileWithProfileCompleteTest.SignUpFanTest" time="29.757" errors="0" timestamp="2025-04-09T11:01:53 IST" skipped="0">
  <testcase classname="skillbox.CreateProfileWithProfileCompleteTest.SignUpFanTest" name="signupf" time="29.757"/>
  <system-out/>
</testsuite> <!-- skillbox.CreateProfileWithProfileCompleteTest.SignUpFanTest -->
