<?xml version="1.0" encoding="UTF-8"?>
<!-- Generated by org.testng.reporters.JUnitReportReporter -->
<testsuite hostname="MacBook-Pro.local" failures="0" tests="1" name="skillbox.EventBookTest.AddOnEventBookTest" time="53.932" errors="0" timestamp="2023-12-28T22:36:02 IST" skipped="0">
  <testcase classname="skillbox.EventBookTest.AddOnEventBookTest" name="addoneventbook" time="53.932"/>
  <system-out/>
</testsuite> <!-- skillbox.EventBookTest.AddOnEventBookTest -->
