<?xml version="1.0" encoding="UTF-8"?>
<!-- Generated by org.testng.reporters.JUnitReportReporter -->
<testsuite hostname="DESKTOP-53M49C2" failures="0" tests="1" name="SignUpFanTest" time="31.237" errors="0" timestamp="2023-08-03T17:18:12 IST" skipped="0">
  <testcase classname="SignUpFanTest" name="signupf" time="31.237"/>
</testsuite> <!-- SignUpFanTest -->
