<?xml version="1.0" encoding="UTF-8"?>
<!-- Generated by org.testng.reporters.JUnitReportReporter -->
<testsuite hostname="MacBook-Pro.local" failures="0" tests="1" name="skillbox.ManageSalesTest.BoostSalesTest" time="68.023" errors="0" timestamp="2025-08-11T14:49:26 IST" skipped="0">
  <testcase classname="skillbox.ManageSalesTest.BoostSalesTest" name="text" time="68.023"/>
</testsuite> <!-- skillbox.ManageSalesTest.BoostSalesTest -->
