<?xml version="1.0" encoding="UTF-8"?>
<!-- Generated by org.testng.reporters.JUnitReportReporter -->
<testsuite hostname="MacBook-Pro.local" failures="0" tests="1" name="skillbox.ManageSalesTest.ManageSalesTest" time="27.486" errors="0" timestamp="2024-05-06T18:19:37 IST" skipped="0">
  <testcase classname="skillbox.ManageSalesTest.ManageSalesTest" name="text" time="27.486"/>
  <system-out/>
</testsuite> <!-- skillbox.ManageSalesTest.ManageSalesTest -->
