<?xml version="1.0" encoding="UTF-8"?>
<!-- Generated by org.testng.reporters.JUnitReportReporter -->
<testsuite hostname="MacBook-Pro.local" failures="0" tests="1" name="skillbox.RFID.RFIDrechargeTest" time="36.965" errors="0" timestamp="2024-11-27T18:04:16 IST" skipped="0">
  <testcase classname="skillbox.RFID.RFIDrechargeTest" name="rfidrecharge" time="36.965"/>
  <system-out/>
</testsuite> <!-- skillbox.RFID.RFIDrechargeTest -->
