<?xml version="1.0" encoding="UTF-8"?>
<!-- Generated by org.testng.reporters.JUnitReportReporter -->
<testsuite hostname="MacBook-Pro.local" failures="0" tests="1" name="skillbox.AlllPagesTest.AllTest" time="361.297" errors="0" timestamp="2024-01-05T17:18:36 IST" skipped="0">
  <testcase classname="skillbox.AlllPagesTest.AllTest" name="creatediy" time="361.297"/>
  <system-out/>
</testsuite> <!-- skillbox.AlllPagesTest.AllTest -->
