<?xml version="1.0" encoding="UTF-8"?>
<!-- Generated by org.testng.reporters.JUnitReportReporter -->
<testsuite hostname="MacBook-Pro.local" failures="0" tests="1" name="skillbox.CreateDiyTest.CreateDiyTest" time="190.658" errors="0" timestamp="2024-05-31T20:10:50 IST" skipped="0">
  <testcase classname="skillbox.CreateDiyTest.CreateDiyTest" name="creatediy" time="190.658"/>
  <system-out/>
</testsuite> <!-- skillbox.CreateDiyTest.CreateDiyTest -->
