<?xml version="1.0" encoding="UTF-8"?>
<!-- Generated by org.testng.reporters.JUnitReportReporter -->
<testsuite hostname="MacBook-Pro.local" failures="0" tests="1" name="skillbox.EventBookTest.FreeEventBookTest" time="25.934" errors="0" timestamp="2024-05-25T17:04:13 IST" skipped="0">
  <testcase classname="skillbox.EventBookTest.FreeEventBookTest" name="freeticketbook" time="25.934"/>
  <system-out/>
</testsuite> <!-- skillbox.EventBookTest.FreeEventBookTest -->
