<?xml version="1.0" encoding="UTF-8"?>
<!-- Generated by org.testng.reporters.JUnitReportReporter -->
<testsuite hostname="DESKTOP-53M49C2" failures="0" tests="1" name="skillbox.EventBookTest.FreeEventBookTest" time="25.162" errors="0" timestamp="2023-08-23T12:21:23 IST" skipped="0">
  <testcase classname="skillbox.EventBookTest.FreeEventBookTest" name="freeticketbook" time="25.162"/>
</testsuite> <!-- skillbox.EventBookTest.FreeEventBookTest -->
