<?xml version="1.0" encoding="UTF-8"?>
<!-- Generated by org.testng.reporters.JUnitReportReporter -->
<testsuite hostname="MacBook-Pro.local" failures="0" tests="5" name="skillbox.FeedsTest.FeedsTest" time="70.143" errors="0" timestamp="2024-05-06T19:04:54 IST" skipped="0">
  <testcase classname="skillbox.FeedsTest.FeedsTest" name="text" time="9.389"/>
  <system-out/>
  <testcase classname="skillbox.FeedsTest.FeedsTest" name="like" time="2.389"/>
  <system-out/>
  <testcase classname="skillbox.FeedsTest.FeedsTest" name="audio" time="21.290"/>
  <system-out/>
  <testcase classname="skillbox.FeedsTest.FeedsTest" name="video" time="21.899"/>
  <system-out/>
  <testcase classname="skillbox.FeedsTest.FeedsTest" name="image" time="15.176"/>
  <system-out/>
</testsuite> <!-- skillbox.FeedsTest.FeedsTest -->
