<?xml version="1.0" encoding="UTF-8"?>
<!-- Generated by org.testng.reporters.JUnitReportReporter -->
<testsuite hostname="DESKTOP-53M49C2" failures="0" tests="1" name="signupf" time="64.969" errors="0" timestamp="2023-08-03T14:45:22 IST" skipped="0">
  <testcase classname="signupf" name="SignUpFanTest" time="64.969"/>
</testsuite> <!-- signupf -->
