<?xml version="1.0" encoding="UTF-8"?>
<!-- Generated by org.testng.reporters.JUnitReportReporter -->
<testsuite hostname="MacBook-Pro.local" failures="0" tests="1" name="skillbox.CreateDiyTest.CreateDiyTest" time="186.193" errors="0" timestamp="2024-06-30T14:29:10 IST" skipped="0">
  <testcase classname="skillbox.CreateDiyTest.CreateDiyTest" name="creatediy" time="186.193"/>
  <system-out/>
</testsuite> <!-- skillbox.CreateDiyTest.CreateDiyTest -->
