<?xml version="1.0" encoding="UTF-8"?>
<!-- Generated by org.testng.reporters.JUnitReportReporter -->
<testsuite hostname="MacBook-Pro.local" failures="0" tests="1" name="skillbox.ManageSalesTest.ManageSalesTest" time="26.273" errors="0" timestamp="2024-05-09T13:26:22 IST" skipped="0">
  <testcase classname="skillbox.ManageSalesTest.ManageSalesTest" name="text" time="26.273"/>
  <system-out/>
</testsuite> <!-- skillbox.ManageSalesTest.ManageSalesTest -->
