<?xml version="1.0" encoding="UTF-8"?>
<!-- Generated by org.testng.reporters.JUnitReportReporter -->
<testsuite hostname="MacBook-Pro.local" failures="0" tests="5" name="skillbox.FeedsTest.FeedsTest" time="81.716" errors="0" timestamp="2024-05-30T06:23:02 IST" skipped="0">
  <testcase classname="skillbox.FeedsTest.FeedsTest" name="text" time="11.105"/>
  <system-out/>
  <testcase classname="skillbox.FeedsTest.FeedsTest" name="like" time="2.400"/>
  <system-out/>
  <testcase classname="skillbox.FeedsTest.FeedsTest" name="audio" time="26.100"/>
  <system-out/>
  <testcase classname="skillbox.FeedsTest.FeedsTest" name="video" time="25.059"/>
  <system-out/>
  <testcase classname="skillbox.FeedsTest.FeedsTest" name="image" time="17.052"/>
  <system-out/>
</testsuite> <!-- skillbox.FeedsTest.FeedsTest -->
