<?xml version="1.0" encoding="UTF-8"?>
<!-- Generated by org.testng.reporters.JUnitReportReporter -->
<testsuite hostname="DESKTOP-53M49C2" failures="0" tests="1" name="skillbox.CreateDiyTest.CreateDiyTest" time="117.248" errors="0" timestamp="2023-11-28T16:19:05 IST" skipped="0">
  <testcase classname="skillbox.CreateDiyTest.CreateDiyTest" name="creatediy" time="117.248"/>
  <system-out/>
</testsuite> <!-- skillbox.CreateDiyTest.CreateDiyTest -->
