<?xml version="1.0" encoding="UTF-8"?>
<!-- Generated by org.testng.reporters.JUnitReportReporter -->
<testsuite hostname="MacBook-Pro.local" failures="0" tests="1" name="skillbox.EventBookTest.PreRegistrationEventBookTest" time="49.573" errors="0" timestamp="2024-11-27T16:26:19 IST" skipped="0">
  <testcase classname="skillbox.EventBookTest.PreRegistrationEventBookTest" name="freeticketbook" time="49.573"/>
  <system-out/>
</testsuite> <!-- skillbox.EventBookTest.PreRegistrationEventBookTest -->
