<?xml version="1.0" encoding="UTF-8"?>
<!-- Generated by org.testng.reporters.JUnitReportReporter -->
<testsuite hostname="DESKTOP-53M49C2" failures="0" tests="5" name="skillbox.FeedsTest.FeedsTest" time="70.378" errors="0" timestamp="2023-10-22T13:07:45 IST" skipped="0">
  <testcase classname="skillbox.FeedsTest.FeedsTest" name="text" time="9.610"/>
  <testcase classname="skillbox.FeedsTest.FeedsTest" name="like" time="2.397"/>
  <testcase classname="skillbox.FeedsTest.FeedsTest" name="audio" time="23.472"/>
  <testcase classname="skillbox.FeedsTest.FeedsTest" name="video" time="20.918"/>
  <testcase classname="skillbox.FeedsTest.FeedsTest" name="image" time="13.981"/>
</testsuite> <!-- skillbox.FeedsTest.FeedsTest -->
