<?xml version="1.0" encoding="UTF-8"?>
<!-- Generated by org.testng.reporters.JUnitReportReporter -->
<testsuite hostname="MacBook-Pro.local" failures="0" tests="1" name="skillbox.ManageSalesTest.TransactionHistoryTest" time="51.135" errors="0" timestamp="2024-05-19T17:10:46 IST" skipped="0">
  <testcase classname="skillbox.ManageSalesTest.TransactionHistoryTest" name="transactionHistory" time="51.135"/>
  <system-out/>
</testsuite> <!-- skillbox.ManageSalesTest.TransactionHistoryTest -->
