<?xml version="1.0" encoding="UTF-8"?>
<!-- Generated by org.testng.reporters.JUnitReportReporter -->
<testsuite hostname="MacBook-Pro.local" failures="0" tests="1" name="skillbox.EventBookTest.PreRegistrationEventBookTest" time="57.531" errors="0" timestamp="2024-06-26T15:38:53 IST" skipped="0">
  <testcase classname="skillbox.EventBookTest.PreRegistrationEventBookTest" name="freeticketbook" time="57.531"/>
  <system-out/>
</testsuite> <!-- skillbox.EventBookTest.PreRegistrationEventBookTest -->
