<?xml version="1.0" encoding="UTF-8"?>
<!-- Generated by org.testng.reporters.JUnitReportReporter -->
<testsuite hostname="MacBook-Pro.local" failures="0" tests="1" name="skillbox.ProfileMediaUploadTest.ProfileUploadTest" time="44.831" errors="0" timestamp="2024-05-28T16:43:48 IST" skipped="0">
  <testcase classname="skillbox.ProfileMediaUploadTest.ProfileUploadTest" name="profileUpload" time="44.831"/>
  <system-out/>
</testsuite> <!-- skillbox.ProfileMediaUploadTest.ProfileUploadTest -->
