<?xml version="1.0" encoding="UTF-8"?>
<!-- Generated by org.testng.reporters.JUnitReportReporter -->
<testsuite hostname="MacBook-Pro.local" failures="0" tests="5" name="skillbox.FeedsTest.FeedsTest" time="68.016" errors="0" timestamp="2024-01-05T10:46:24 IST" skipped="0">
  <testcase classname="skillbox.FeedsTest.FeedsTest" name="text" time="8.648"/>
  <system-out/>
  <testcase classname="skillbox.FeedsTest.FeedsTest" name="like" time="2.353"/>
  <system-out/>
  <testcase classname="skillbox.FeedsTest.FeedsTest" name="audio" time="22.506"/>
  <system-out/>
  <testcase classname="skillbox.FeedsTest.FeedsTest" name="video" time="19.981"/>
  <system-out/>
  <testcase classname="skillbox.FeedsTest.FeedsTest" name="image" time="14.528"/>
  <system-out/>
</testsuite> <!-- skillbox.FeedsTest.FeedsTest -->
