<?xml version="1.0" encoding="UTF-8"?>
<!-- Generated by org.testng.reporters.JUnitReportReporter -->
<testsuite hostname="DESKTOP-53M49C2" failures="0" tests="3" name="skillbox.PunchSalesTest.PunchSalesTest" time="105.588" errors="0" timestamp="2023-08-29T16:22:50 IST" skipped="0">
  <testcase classname="skillbox.PunchSalesTest.PunchSalesTest" name="punchsale" time="34.621"/>
  <testcase classname="skillbox.PunchSalesTest.PunchSalesTest" name="punchsale" time="34.329"/>
  <testcase classname="skillbox.PunchSalesTest.PunchSalesTest" name="punchsale" time="36.638"/>
</testsuite> <!-- skillbox.PunchSalesTest.PunchSalesTest -->
