<?xml version="1.0" encoding="UTF-8"?>
<!-- Generated by org.testng.reporters.JUnitReportReporter -->
<testsuite hostname="MacBook-Pro.local" failures="0" tests="1" name="skillbox.EventBookTest.PaidEventBookTest" time="87.316" errors="0" timestamp="2024-06-26T12:33:23 IST" skipped="0">
  <testcase classname="skillbox.EventBookTest.PaidEventBookTest" name="eventbook" time="87.316"/>
  <system-out/>
</testsuite> <!-- skillbox.EventBookTest.PaidEventBookTest -->
