<?xml version="1.0" encoding="UTF-8"?>
<!-- Generated by org.testng.reporters.JUnitReportReporter -->
<testsuite hostname="MacBook-Pro.local" failures="0" tests="1" name="skillbox.ManageSalesTest.ManageSalesTest" time="27.558" errors="0" timestamp="2024-06-04T18:37:11 IST" skipped="0">
  <testcase classname="skillbox.ManageSalesTest.ManageSalesTest" name="text" time="27.558"/>
  <system-out/>
</testsuite> <!-- skillbox.ManageSalesTest.ManageSalesTest -->
