<?xml version="1.0" encoding="UTF-8"?>
<!-- Generated by org.testng.reporters.JUnitReportReporter -->
<testsuite hostname="MacBook-Pro.local" failures="0" tests="1" name="skillbox.EventListTest.EventListTest" time="9.471" errors="0" timestamp="2024-06-05T17:42:16 IST" skipped="0">
  <testcase classname="skillbox.EventListTest.EventListTest" name="categoryFilter" time="9.471"/>
  <system-out/>
</testsuite> <!-- skillbox.EventListTest.EventListTest -->
