<?xml version="1.0" encoding="UTF-8"?>
<!-- Generated by org.testng.reporters.JUnitReportReporter -->
<testsuite hostname="MacBook-Pro.local" failures="0" tests="1" name="skillbox.CreateProfileWithProfileCompleteTest.SignUpFanTest" time="28.767" errors="0" timestamp="2025-08-06T18:09:49 IST" skipped="0">
  <testcase classname="skillbox.CreateProfileWithProfileCompleteTest.SignUpFanTest" name="signupf" time="28.767"/>
</testsuite> <!-- skillbox.CreateProfileWithProfileCompleteTest.SignUpFanTest -->
