<?xml version="1.0" encoding="UTF-8"?>
<!-- Generated by org.testng.reporters.JUnitReportReporter -->
<testsuite hostname="MacBook-Pro.local" failures="0" tests="1" name="skillbox.ProfileMediaUploadTest.ProfileUploadTest" time="41.765" errors="0" timestamp="2025-06-11T11:02:05 IST" skipped="0">
  <testcase classname="skillbox.ProfileMediaUploadTest.ProfileUploadTest" name="profileUpload" time="41.765"/>
</testsuite> <!-- skillbox.ProfileMediaUploadTest.ProfileUploadTest -->
