<?xml version="1.0" encoding="UTF-8"?>
<!-- Generated by org.testng.reporters.JUnitReportReporter -->
<testsuite hostname="MacBook-Pro.local" failures="0" tests="1" name="skillbox.ManageSalesTest.TransactionHistoryTest" time="42.014" errors="0" timestamp="2025-04-07T14:41:39 IST" skipped="0">
  <testcase classname="skillbox.ManageSalesTest.TransactionHistoryTest" name="transactionHistory" time="42.014"/>
  <system-out/>
</testsuite> <!-- skillbox.ManageSalesTest.TransactionHistoryTest -->
