<?xml version="1.0" encoding="UTF-8"?>
<!-- Generated by org.testng.reporters.JUnitReportReporter -->
<testsuite hostname="MacBook-Pro.local" failures="0" tests="1" name="skillbox.ManageSalesTest.BoostSalesTest" time="69.277" errors="0" timestamp="2024-11-26T16:55:48 IST" skipped="0">
  <testcase classname="skillbox.ManageSalesTest.BoostSalesTest" name="text" time="69.277"/>
  <system-out/>
</testsuite> <!-- skillbox.ManageSalesTest.BoostSalesTest -->
