<?xml version="1.0" encoding="UTF-8"?>
<!-- Generated by org.testng.reporters.JUnitReportReporter -->
<testsuite hostname="MacBook-Pro.local" failures="0" tests="1" name="skillbox.ProfileMediaUploadTest.ProfileUploadTest" time="46.524" errors="0" timestamp="2025-03-19T21:32:59 IST" skipped="0">
  <testcase classname="skillbox.ProfileMediaUploadTest.ProfileUploadTest" name="profileUpload" time="46.524"/>
  <system-out/>
</testsuite> <!-- skillbox.ProfileMediaUploadTest.ProfileUploadTest -->
