<?xml version="1.0" encoding="UTF-8"?>
<!-- Generated by org.testng.reporters.JUnitReportReporter -->
<testsuite hostname="MacBook-Pro.local" failures="0" tests="1" name="skillbox.EventBookTest.PaidEventBookTest" time="69.844" errors="0" timestamp="2024-05-07T12:28:05 IST" skipped="0">
  <testcase classname="skillbox.EventBookTest.PaidEventBookTest" name="eventbook" time="69.844"/>
  <system-out/>
</testsuite> <!-- skillbox.EventBookTest.PaidEventBookTest -->
