<?xml version="1.0" encoding="UTF-8"?>
<!-- Generated by org.testng.reporters.JUnitReportReporter -->
<testsuite hostname="MacBook-Pro.local" failures="0" tests="1" name="skillbox.CreateDiyTest.CreateDiyTest" time="189.620" errors="0" timestamp="2024-12-18T16:33:50 IST" skipped="0">
  <testcase classname="skillbox.CreateDiyTest.CreateDiyTest" name="creatediy" time="189.620"/>
  <system-out/>
</testsuite> <!-- skillbox.CreateDiyTest.CreateDiyTest -->
