<?xml version="1.0" encoding="UTF-8"?>
<!-- Generated by org.testng.reporters.JUnitReportReporter -->
<testsuite hostname="MacBook-Pro.local" failures="0" tests="5" name="skillbox.FeedsTest.FeedsTest" time="69.833" errors="0" timestamp="2025-01-21T17:28:17 IST" skipped="0">
  <testcase classname="skillbox.FeedsTest.FeedsTest" name="text" time="12.091"/>
  <system-out/>
  <testcase classname="skillbox.FeedsTest.FeedsTest" name="like" time="2.446"/>
  <system-out/>
  <testcase classname="skillbox.FeedsTest.FeedsTest" name="audio" time="19.950"/>
  <system-out/>
  <testcase classname="skillbox.FeedsTest.FeedsTest" name="video" time="20.162"/>
  <system-out/>
  <testcase classname="skillbox.FeedsTest.FeedsTest" name="image" time="15.184"/>
  <system-out/>
</testsuite> <!-- skillbox.FeedsTest.FeedsTest -->
