<?xml version="1.0" encoding="UTF-8"?>
<!-- Generated by org.testng.reporters.JUnitReportReporter -->
<testsuite hostname="MacBook-Pro.local" failures="0" tests="5" name="skillbox.FeedsTest.FeedsTest" time="70.077" errors="0" timestamp="2025-04-14T03:59:09 IST" skipped="0">
  <testcase classname="skillbox.FeedsTest.FeedsTest" name="text" time="9.301"/>
  <system-out/>
  <testcase classname="skillbox.FeedsTest.FeedsTest" name="like" time="3.580"/>
  <system-out/>
  <testcase classname="skillbox.FeedsTest.FeedsTest" name="audio" time="20.511"/>
  <system-out/>
  <testcase classname="skillbox.FeedsTest.FeedsTest" name="video" time="20.295"/>
  <system-out/>
  <testcase classname="skillbox.FeedsTest.FeedsTest" name="image" time="16.390"/>
  <system-out/>
</testsuite> <!-- skillbox.FeedsTest.FeedsTest -->
