<?xml version="1.0" encoding="UTF-8"?>
<!-- Generated by org.testng.reporters.JUnitReportReporter -->
<testsuite hostname="MacBook-Pro.local" failures="0" tests="1" name="skillbox.FeedsTest.StoryReliefFundTest" time="46.477" errors="0" timestamp="2024-06-07T13:05:38 IST" skipped="0">
  <testcase classname="skillbox.FeedsTest.StoryReliefFundTest" name="text" time="46.477"/>
  <system-out/>
</testsuite> <!-- skillbox.FeedsTest.StoryReliefFundTest -->
