<?xml version="1.0" encoding="UTF-8"?>
<!-- Generated by org.testng.reporters.JUnitReportReporter -->
<testsuite hostname="MacBook-Pro.local" failures="0" tests="1" name="skillbox.ManageSalesTest.TransactionHistoryTest" time="41.172" errors="0" timestamp="2024-11-27T17:03:08 IST" skipped="0">
  <testcase classname="skillbox.ManageSalesTest.TransactionHistoryTest" name="transactionHistory" time="41.172"/>
  <system-out/>
</testsuite> <!-- skillbox.ManageSalesTest.TransactionHistoryTest -->
