<?xml version="1.0" encoding="UTF-8"?>
<!-- Generated by org.testng.reporters.JUnitReportReporter -->
<testsuite hostname="MacBook-Pro.local" failures="0" tests="1" name="skillbox.EventBookTest.PaidEventBookTest" time="77.154" errors="0" timestamp="2025-06-12T16:19:24 IST" skipped="0">
  <testcase classname="skillbox.EventBookTest.PaidEventBookTest" name="eventbook" time="77.154"/>
</testsuite> <!-- skillbox.EventBookTest.PaidEventBookTest -->
