<?xml version="1.0" encoding="UTF-8"?>
<!-- Generated by org.testng.reporters.JUnitReportReporter -->
<testsuite hostname="MacBook-Pro.local" failures="0" tests="1" name="skillbox.EventBookTest.PaidEventBookTest" time="87.191" errors="0" timestamp="2024-10-24T10:30:01 IST" skipped="0">
  <testcase classname="skillbox.EventBookTest.PaidEventBookTest" name="eventbook" time="87.191"/>
  <system-out/>
</testsuite> <!-- skillbox.EventBookTest.PaidEventBookTest -->
