<?xml version="1.0" encoding="UTF-8"?>
<!-- Generated by org.testng.reporters.JUnitReportReporter -->
<testsuite hostname="MacBook-Pro.local" failures="0" tests="5" name="skillbox.FeedsTest.FeedsTest" time="71.091" errors="0" timestamp="2024-06-28T06:48:02 IST" skipped="0">
  <testcase classname="skillbox.FeedsTest.FeedsTest" name="text" time="9.901"/>
  <system-out/>
  <testcase classname="skillbox.FeedsTest.FeedsTest" name="like" time="2.385"/>
  <system-out/>
  <testcase classname="skillbox.FeedsTest.FeedsTest" name="audio" time="21.726"/>
  <system-out/>
  <testcase classname="skillbox.FeedsTest.FeedsTest" name="video" time="21.659"/>
  <system-out/>
  <testcase classname="skillbox.FeedsTest.FeedsTest" name="image" time="15.420"/>
  <system-out/>
</testsuite> <!-- skillbox.FeedsTest.FeedsTest -->
