<?xml version="1.0" encoding="UTF-8"?>
<!-- Generated by org.testng.reporters.JUnitReportReporter -->
<testsuite hostname="MacBook-Pro.local" failures="0" tests="1" name="skillbox.EventBookTest.FreeEventBookTest" time="37.274" errors="0" timestamp="2024-06-26T12:49:54 IST" skipped="0">
  <testcase classname="skillbox.EventBookTest.FreeEventBookTest" name="freeticketbook" time="37.274"/>
  <system-out/>
</testsuite> <!-- skillbox.EventBookTest.FreeEventBookTest -->
