<?xml version="1.0" encoding="UTF-8"?>
<!-- Generated by org.testng.reporters.JUnitReportReporter -->
<testsuite hostname="MacBook-Pro.local" failures="0" tests="1" name="skillbox.EventBookTest.FreeEventBookTest" time="33.391" errors="0" timestamp="2025-04-07T17:46:20 IST" skipped="0">
  <testcase classname="skillbox.EventBookTest.FreeEventBookTest" name="freeticketbook" time="33.391"/>
  <system-out/>
</testsuite> <!-- skillbox.EventBookTest.FreeEventBookTest -->
