<?xml version="1.0" encoding="UTF-8"?>
<!-- Generated by org.testng.reporters.JUnitReportReporter -->
<testsuite hostname="MacBook-Pro.local" failures="0" tests="1" name="skillbox.EventBookTest.PreRegistrationEventBookTest" time="40.370" errors="0" timestamp="2024-06-06T15:55:00 IST" skipped="0">
  <testcase classname="skillbox.EventBookTest.PreRegistrationEventBookTest" name="freeticketbook" time="40.370"/>
  <system-out/>
</testsuite> <!-- skillbox.EventBookTest.PreRegistrationEventBookTest -->
