<?xml version="1.0" encoding="UTF-8"?>
<!-- Generated by org.testng.reporters.JUnitReportReporter -->
<testsuite hostname="DESKTOP-53M49C2" failures="0" tests="1" name="SignUpBusinessTest" time="36.427" errors="0" timestamp="2023-08-06T15:09:06 IST" skipped="0">
  <testcase classname="SignUpBusinessTest" name="signupb" time="36.427"/>
</testsuite> <!-- SignUpBusinessTest -->
