<?xml version="1.0" encoding="UTF-8"?>
<!-- Generated by org.testng.reporters.JUnitReportReporter -->
<testsuite hostname="DESKTOP-53M49C2" failures="0" tests="1" name="skillbox.PunchSalesTest.PunchSalesTest" time="36.000" errors="0" timestamp="2023-08-22T14:34:19 IST" skipped="0">
  <testcase classname="skillbox.PunchSalesTest.PunchSalesTest" name="punchsale" time="36.000"/>
</testsuite> <!-- skillbox.PunchSalesTest.PunchSalesTest -->
