<?xml version="1.0" encoding="UTF-8"?>
<!-- Generated by org.testng.reporters.JUnitReportReporter -->
<testsuite hostname="MacBook-Pro.local" failures="0" tests="1" name="skillbox.AlllPagesTest.AllTest" time="289.639" errors="0" timestamp="2024-08-30T11:03:15 IST" skipped="0">
  <testcase classname="skillbox.AlllPagesTest.AllTest" name="creatediy" time="289.639"/>
  <system-out/>
</testsuite> <!-- skillbox.AlllPagesTest.AllTest -->
