<?xml version="1.0" encoding="UTF-8"?>
<!-- Generated by org.testng.reporters.JUnitReportReporter -->
<testsuite hostname="MacBook-Pro.local" failures="0" tests="1" name="skillbox.CreateProfileWithProfileCompleteTest.SignUpArtistTest" time="39.666" errors="0" timestamp="2025-08-06T18:12:40 IST" skipped="0">
  <testcase classname="skillbox.CreateProfileWithProfileCompleteTest.SignUpArtistTest" name="signua" time="39.666"/>
</testsuite> <!-- skillbox.CreateProfileWithProfileCompleteTest.SignUpArtistTest -->
