<?xml version="1.0" encoding="UTF-8"?>
<!-- Generated by org.testng.reporters.JUnitReportReporter -->
<testsuite hostname="MacBook-Pro.local" failures="0" tests="1" name="skillbox.PunchSalesTest.PunchSalesTest" time="59.185" errors="0" timestamp="2024-06-30T14:56:22 IST" skipped="0">
  <testcase classname="skillbox.PunchSalesTest.PunchSalesTest" name="punchsale" time="59.185"/>
  <system-out/>
</testsuite> <!-- skillbox.PunchSalesTest.PunchSalesTest -->
