<?xml version="1.0" encoding="UTF-8"?>
<!-- Generated by org.testng.reporters.JUnitReportReporter -->
<testsuite hostname="MacBook-Pro.local" failures="0" tests="1" name="skillbox.FeedsTest.StoryReliefFundTest" time="42.567" errors="0" timestamp="2024-07-25T15:11:10 IST" skipped="0">
  <testcase classname="skillbox.FeedsTest.StoryReliefFundTest" name="text" time="42.567"/>
  <system-out/>
</testsuite> <!-- skillbox.FeedsTest.StoryReliefFundTest -->
