<?xml version="1.0" encoding="UTF-8"?>
<!-- Generated by org.testng.reporters.JUnitReportReporter -->
<testsuite hostname="DESKTOP-53M49C2" failures="0" tests="3" name="skillbox.CreateProfileWithProfileCompleteTest.SignUpFanTest" time="95.008" errors="0" timestamp="2023-08-29T16:22:50 IST" skipped="0">
  <testcase classname="skillbox.CreateProfileWithProfileCompleteTest.SignUpFanTest" name="signupf" time="30.743"/>
  <testcase classname="skillbox.CreateProfileWithProfileCompleteTest.SignUpFanTest" name="signupf" time="32.851"/>
  <testcase classname="skillbox.CreateProfileWithProfileCompleteTest.SignUpFanTest" name="signupf" time="31.414"/>
</testsuite> <!-- skillbox.CreateProfileWithProfileCompleteTest.SignUpFanTest -->
