<?xml version="1.0" encoding="UTF-8"?>
<!-- Generated by org.testng.reporters.JUnitReportReporter -->
<testsuite hostname="MacBook-Pro.local" failures="0" tests="1" name="skillbox.EventBookTest.PreRegistrationEventBookTest" time="47.531" errors="0" timestamp="2025-06-11T10:51:29 IST" skipped="0">
  <testcase classname="skillbox.EventBookTest.PreRegistrationEventBookTest" name="freeticketbook" time="47.531"/>
</testsuite> <!-- skillbox.EventBookTest.PreRegistrationEventBookTest -->
