<?xml version="1.0" encoding="UTF-8"?>
<!-- Generated by org.testng.reporters.JUnitReportReporter -->
<testsuite hostname="MacBook-Pro.local" failures="0" tests="1" name="skillbox.EventBookTest.AddGuestEventBookTest" time="65.179" errors="0" timestamp="2025-04-14T04:12:50 IST" skipped="0">
  <testcase classname="skillbox.EventBookTest.AddGuestEventBookTest" name="addoneventbook" time="65.179"/>
  <system-out/>
</testsuite> <!-- skillbox.EventBookTest.AddGuestEventBookTest -->
