<?xml version="1.0" encoding="UTF-8"?>
<!-- Generated by org.testng.reporters.JUnitReportReporter -->
<testsuite hostname="MacBook-Pro.local" failures="0" tests="1" name="skillbox.AlllPagesTest.AllTest" time="353.734" errors="0" timestamp="2024-05-08T15:42:00 IST" skipped="0">
  <testcase classname="skillbox.AlllPagesTest.AllTest" name="creatediy" time="353.734"/>
  <system-out/>
</testsuite> <!-- skillbox.AlllPagesTest.AllTest -->
