<?xml version="1.0" encoding="UTF-8"?>
<!-- Generated by org.testng.reporters.JUnitReportReporter -->
<testsuite hostname="DESKTOP-53M49C2" failures="0" tests="1" name="PaidEventBookTest" time="77.390" errors="0" timestamp="2023-07-25T12:52:42 IST" skipped="0">
  <testcase classname="PaidEventBookTest" name="eventbook" time="77.390"/>
</testsuite> <!-- PaidEventBookTest -->
