<?xml version="1.0" encoding="UTF-8"?>
<!-- Generated by org.testng.reporters.JUnitReportReporter -->
<testsuite hostname="DESKTOP-53M49C2" failures="0" tests="1" name="SignUpArtistTest" time="36.726" errors="0" timestamp="2023-08-06T15:06:13 IST" skipped="0">
  <testcase classname="SignUpArtistTest" name="signua" time="36.726"/>
</testsuite> <!-- SignUpArtistTest -->
