<?xml version="1.0" encoding="UTF-8"?>
<!-- Generated by org.testng.reporters.JUnitReportReporter -->
<testsuite hostname="MacBook-Pro.local" failures="0" tests="1" name="skillbox.EventBookTest.AddOnEventBookTest" time="48.341" errors="0" timestamp="2024-05-07T14:39:17 IST" skipped="0">
  <testcase classname="skillbox.EventBookTest.AddOnEventBookTest" name="addoneventbook" time="48.341"/>
  <system-out/>
</testsuite> <!-- skillbox.EventBookTest.AddOnEventBookTest -->
