<?xml version="1.0" encoding="UTF-8"?>
<!-- Generated by org.testng.reporters.JUnitReportReporter -->
<testsuite hostname="MacBook-Pro.local" failures="0" tests="1" name="skillbox.ManageSalesTest.ManageSalesTest" time="25.939" errors="0" timestamp="2025-08-11T17:38:07 IST" skipped="0">
  <testcase classname="skillbox.ManageSalesTest.ManageSalesTest" name="text" time="25.939"/>
</testsuite> <!-- skillbox.ManageSalesTest.ManageSalesTest -->
