<?xml version="1.0" encoding="UTF-8"?>
<!-- Generated by org.testng.reporters.JUnitReportReporter -->
<testsuite hostname="MacBook-Pro.local" failures="0" tests="1" name="skillbox.EventBookTest.FreeEventBookTest" time="23.844" errors="0" timestamp="2023-12-22T18:19:45 IST" skipped="0">
  <testcase classname="skillbox.EventBookTest.FreeEventBookTest" name="freeticketbook" time="23.844"/>
  <system-out/>
</testsuite> <!-- skillbox.EventBookTest.FreeEventBookTest -->
