<?xml version="1.0" encoding="UTF-8"?>
<!-- Generated by org.testng.reporters.JUnitReportReporter -->
<testsuite hostname="MacBook-Pro.local" failures="0" tests="1" name="skillbox.CreateProfileWithProfileCompleteTest.SignUpFanTest" time="31.737" errors="0" timestamp="2024-08-06T14:36:57 IST" skipped="0">
  <testcase classname="skillbox.CreateProfileWithProfileCompleteTest.SignUpFanTest" name="signupf" time="31.737"/>
  <system-out/>
</testsuite> <!-- skillbox.CreateProfileWithProfileCompleteTest.SignUpFanTest -->
