<?xml version="1.0" encoding="UTF-8"?>
<!-- Generated by org.testng.reporters.JUnitReportReporter -->
<testsuite hostname="DESKTOP-53M49C2" failures="0" tests="1" name="skillbox.EventBookTest.PaidEventBookTest" time="58.582" errors="0" timestamp="2023-08-23T16:08:31 IST" skipped="0">
  <testcase classname="skillbox.EventBookTest.PaidEventBookTest" name="eventbook" time="58.582"/>
</testsuite> <!-- skillbox.EventBookTest.PaidEventBookTest -->
