<?xml version="1.0" encoding="UTF-8"?>
<!-- Generated by org.testng.reporters.JUnitReportReporter -->
<testsuite hostname="MacBook-Pro.local" failures="0" tests="1" name="skillbox.RFID.RFIDrechargeTest" time="38.014" errors="0" timestamp="2025-02-10T18:27:46 IST" skipped="0">
  <testcase classname="skillbox.RFID.RFIDrechargeTest" name="rfidrecharge" time="38.014"/>
  <system-out/>
</testsuite> <!-- skillbox.RFID.RFIDrechargeTest -->
