<?xml version="1.0" encoding="UTF-8"?>
<!-- Generated by org.testng.reporters.JUnitReportReporter -->
<testsuite hostname="MacBook-Pro.local" failures="0" tests="1" name="skillbox.PunchSalesTest.PunchSalesTest" time="32.478" errors="0" timestamp="2024-01-03T15:11:20 IST" skipped="0">
  <testcase classname="skillbox.PunchSalesTest.PunchSalesTest" name="punchsale" time="32.478"/>
  <system-out/>
</testsuite> <!-- skillbox.PunchSalesTest.PunchSalesTest -->
