<?xml version="1.0" encoding="UTF-8"?>
<!-- Generated by org.testng.reporters.JUnitReportReporter -->
<testsuite hostname="DESKTOP-53M49C2" failures="0" tests="1" name="skillbox.EventBookTest.DonationEventBookTest" time="42.568" errors="0" timestamp="2023-10-27T15:47:59 IST" skipped="0">
  <testcase classname="skillbox.EventBookTest.DonationEventBookTest" name="donationeventbook" time="42.568"/>
</testsuite> <!-- skillbox.EventBookTest.DonationEventBookTest -->
