<?xml version="1.0" encoding="UTF-8"?>
<!-- Generated by org.testng.reporters.JUnitReportReporter -->
<testsuite hostname="MacBook-Pro.local" failures="0" tests="1" name="skillbox.ProfileMediaUploadTest.ProfileUploadTest" time="43.878" errors="0" timestamp="2024-05-07T17:06:38 IST" skipped="0">
  <testcase classname="skillbox.ProfileMediaUploadTest.ProfileUploadTest" name="profileUpload" time="43.878"/>
  <system-out/>
</testsuite> <!-- skillbox.ProfileMediaUploadTest.ProfileUploadTest -->
