<?xml version="1.0" encoding="UTF-8"?>
<!-- Generated by org.testng.reporters.JUnitReportReporter -->
<testsuite hostname="MacBook-Pro.local" failures="0" tests="1" name="skillbox.EventBookTest.AddGuestEventBookTest" time="66.385" errors="0" timestamp="2025-01-21T16:49:41 IST" skipped="0">
  <testcase classname="skillbox.EventBookTest.AddGuestEventBookTest" name="addoneventbook" time="66.385"/>
  <system-out/>
</testsuite> <!-- skillbox.EventBookTest.AddGuestEventBookTest -->
