<?xml version="1.0" encoding="UTF-8"?>
<!-- Generated by org.testng.reporters.JUnitReportReporter -->
<testsuite hostname="MacBook-Pro.local" failures="0" tests="1" name="skillbox.EventBookTest.PreRegistrationEventBookTest" time="47.331" errors="0" timestamp="2025-04-16T11:37:43 IST" skipped="0">
  <testcase classname="skillbox.EventBookTest.PreRegistrationEventBookTest" name="freeticketbook" time="47.331"/>
  <system-out/>
</testsuite> <!-- skillbox.EventBookTest.PreRegistrationEventBookTest -->
