<?xml version="1.0" encoding="UTF-8"?>
<!-- Generated by org.testng.reporters.JUnitReportReporter -->
<testsuite hostname="DESKTOP-53M49C2" failures="0" tests="1" name="signupa" time="48.290" errors="0" timestamp="2023-07-24T11:43:51 IST" skipped="0">
  <testcase classname="signupa" name="signupa" time="48.290"/>
</testsuite> <!-- signupa -->
