<?xml version="1.0" encoding="UTF-8"?>
<!-- Generated by org.testng.reporters.JUnitReportReporter -->
<testsuite hostname="MacBook-Pro.local" failures="0" tests="1" name="skillbox.AlllPagesTest.AllTest" time="411.644" errors="0" timestamp="2024-06-29T21:49:07 IST" skipped="0">
  <testcase classname="skillbox.AlllPagesTest.AllTest" name="creatediy" time="411.644"/>
  <system-out/>
</testsuite> <!-- skillbox.AlllPagesTest.AllTest -->
