<?xml version="1.0" encoding="UTF-8"?>
<!-- Generated by org.testng.reporters.JUnitReportReporter -->
<testsuite hostname="MacBook-Pro.local" failures="0" tests="1" name="skillbox.AlllPagesTest.AllTest" time="309.286" errors="0" timestamp="2025-01-21T17:05:16 IST" skipped="0">
  <testcase classname="skillbox.AlllPagesTest.AllTest" name="creatediy" time="309.286"/>
  <system-out/>
</testsuite> <!-- skillbox.AlllPagesTest.AllTest -->
