<?xml version="1.0" encoding="UTF-8"?>
<!-- Generated by org.testng.reporters.JUnitReportReporter -->
<testsuite hostname="MacBook-Pro.local" failures="0" tests="1" name="skillbox.CreatePromoterAndWalkin.CreatePromoterAndWalkinTest" time="21.756" errors="0" timestamp="2024-05-29T16:54:54 IST" skipped="0">
  <testcase classname="skillbox.CreatePromoterAndWalkin.CreatePromoterAndWalkinTest" name="createpromoter" time="21.756"/>
  <system-out/>
</testsuite> <!-- skillbox.CreatePromoterAndWalkin.CreatePromoterAndWalkinTest -->
