<?xml version="1.0" encoding="UTF-8"?>
<!-- Generated by org.testng.reporters.JUnitReportReporter -->
<testsuite hostname="MacBook-Pro.local" failures="0" tests="1" name="skillbox.EventBookTest.DonationEventBookTest" time="48.897" errors="0" timestamp="2025-04-16T11:47:21 IST" skipped="0">
  <testcase classname="skillbox.EventBookTest.DonationEventBookTest" name="donationeventbook" time="48.897"/>
  <system-out/>
</testsuite> <!-- skillbox.EventBookTest.DonationEventBookTest -->
