<?xml version="1.0" encoding="UTF-8"?>
<!-- Generated by org.testng.reporters.JUnitReportReporter -->
<testsuite hostname="MacBook-Pro.local" failures="0" tests="1" name="skillbox.ManageSalesTest.TransactionHistoryTest" time="41.223" errors="0" timestamp="2025-08-11T17:36:23 IST" skipped="0">
  <testcase classname="skillbox.ManageSalesTest.TransactionHistoryTest" name="transactionHistory" time="41.223"/>
</testsuite> <!-- skillbox.ManageSalesTest.TransactionHistoryTest -->
