<?xml version="1.0" encoding="UTF-8"?>
<!-- Generated by org.testng.reporters.JUnitReportReporter -->
<testsuite hostname="DESKTOP-53M49C2" failures="0" tests="3" name="skillbox.EventBookTest.FreeEventBookTest" time="76.520" errors="0" timestamp="2023-08-29T16:22:50 IST" skipped="0">
  <testcase classname="skillbox.EventBookTest.FreeEventBookTest" name="freeticketbook" time="24.390"/>
  <testcase classname="skillbox.EventBookTest.FreeEventBookTest" name="freeticketbook" time="26.663"/>
  <testcase classname="skillbox.EventBookTest.FreeEventBookTest" name="freeticketbook" time="25.467"/>
</testsuite> <!-- skillbox.EventBookTest.FreeEventBookTest -->
