<?xml version="1.0" encoding="UTF-8"?>
<!-- Generated by org.testng.reporters.JUnitReportReporter -->
<testsuite hostname="MacBook-Pro.local" failures="0" tests="1" name="skillbox.CreatePromoterAndWalkin.CreatePromoterAndWalkinTest" time="17.917" errors="0" timestamp="2024-01-05T10:47:18 IST" skipped="0">
  <testcase classname="skillbox.CreatePromoterAndWalkin.CreatePromoterAndWalkinTest" name="createpromoter" time="17.917"/>
  <system-out/>
</testsuite> <!-- skillbox.CreatePromoterAndWalkin.CreatePromoterAndWalkinTest -->
