<?xml version="1.0" encoding="UTF-8"?>
<!-- Generated by org.testng.reporters.JUnitReportReporter -->
<testsuite hostname="MacBook-Pro.local" failures="0" tests="5" name="skillbox.FeedsTest.FeedsTest" time="76.990" errors="0" timestamp="2024-08-23T15:03:39 IST" skipped="0">
  <testcase classname="skillbox.FeedsTest.FeedsTest" name="text" time="10.484"/>
  <system-out/>
  <testcase classname="skillbox.FeedsTest.FeedsTest" name="like" time="2.474"/>
  <system-out/>
  <testcase classname="skillbox.FeedsTest.FeedsTest" name="audio" time="24.831"/>
  <system-out/>
  <testcase classname="skillbox.FeedsTest.FeedsTest" name="video" time="23.561"/>
  <system-out/>
  <testcase classname="skillbox.FeedsTest.FeedsTest" name="image" time="15.640"/>
  <system-out/>
</testsuite> <!-- skillbox.FeedsTest.FeedsTest -->
