<?xml version="1.0" encoding="UTF-8"?>
<!-- Generated by org.testng.reporters.JUnitReportReporter -->
<testsuite hostname="MacBook-Pro.local" failures="0" tests="1" name="skillbox.CreatePromoterAndWalkin.CreatePromoterAndWalkinTest" time="19.391" errors="0" timestamp="2024-06-04T17:47:49 IST" skipped="0">
  <testcase classname="skillbox.CreatePromoterAndWalkin.CreatePromoterAndWalkinTest" name="createpromoter" time="19.391"/>
  <system-out/>
</testsuite> <!-- skillbox.CreatePromoterAndWalkin.CreatePromoterAndWalkinTest -->
