<?xml version="1.0" encoding="UTF-8"?>
<!-- Generated by org.testng.reporters.JUnitReportReporter -->
<testsuite hostname="MacBook-Pro.local" failures="0" tests="1" name="skillbox.ProfileMediaUpload.ProfileUploadTest" time="42.297" errors="0" timestamp="2024-05-06T19:11:03 IST" skipped="0">
  <testcase classname="skillbox.ProfileMediaUpload.ProfileUploadTest" name="profileUpload" time="42.297"/>
  <system-out/>
</testsuite> <!-- skillbox.ProfileMediaUpload.ProfileUploadTest -->
