<?xml version="1.0" encoding="UTF-8"?>
<!-- Generated by org.testng.reporters.JUnitReportReporter -->
<testsuite hostname="DESKTOP-53M49C2" failures="0" tests="1" name="skillbox.EventBookTest.AddOnEventBookTest" time="46.887" errors="0" timestamp="2023-11-27T14:11:13 IST" skipped="0">
  <testcase classname="skillbox.EventBookTest.AddOnEventBookTest" name="addoneventbook" time="46.887"/>
</testsuite> <!-- skillbox.EventBookTest.AddOnEventBookTest -->
