<?xml version="1.0" encoding="UTF-8"?>
<!-- Generated by org.testng.reporters.JUnitReportReporter -->
<testsuite hostname="MacBook-Pro.local" failures="0" tests="1" name="skillbox.ManageSalesTest.TransactionHistoryTest" time="41.337" errors="0" timestamp="2024-08-29T11:18:19 IST" skipped="0">
  <testcase classname="skillbox.ManageSalesTest.TransactionHistoryTest" name="transactionHistory" time="41.337"/>
  <system-out/>
</testsuite> <!-- skillbox.ManageSalesTest.TransactionHistoryTest -->
