<?xml version="1.0" encoding="UTF-8"?>
<!-- Generated by org.testng.reporters.JUnitReportReporter -->
<testsuite hostname="DESKTOP-53M49C2" failures="0" tests="1" name="skillbox.EventBookTest.AddOnEventBookTest" time="44.962" errors="0" timestamp="2023-08-23T16:01:36 IST" skipped="0">
  <testcase classname="skillbox.EventBookTest.AddOnEventBookTest" name="freeticketbook" time="44.962"/>
</testsuite> <!-- skillbox.EventBookTest.AddOnEventBookTest -->
