<?xml version="1.0" encoding="UTF-8"?>
<!-- Generated by org.testng.reporters.JUnitReportReporter -->
<testsuite hostname="MacBook-Pro.local" failures="0" tests="1" name="skillbox.EventBookTest.SeatSectionEventBookTest" time="51.733" errors="0" timestamp="2025-06-11T10:42:04 IST" skipped="0">
  <testcase classname="skillbox.EventBookTest.SeatSectionEventBookTest" name="addoneventbook" time="51.733"/>
</testsuite> <!-- skillbox.EventBookTest.SeatSectionEventBookTest -->
