<?xml version="1.0" encoding="UTF-8"?>
<!-- Generated by org.testng.reporters.JUnitReportReporter -->
<testsuite hostname="MacBook-Pro.local" failures="0" tests="1" name="skillbox.EventBookTest.DonationEventBookTest" time="49.161" errors="0" timestamp="2024-11-13T14:54:10 IST" skipped="0">
  <testcase classname="skillbox.EventBookTest.DonationEventBookTest" name="donationeventbook" time="49.161"/>
  <system-out/>
</testsuite> <!-- skillbox.EventBookTest.DonationEventBookTest -->
