<?xml version="1.0" encoding="UTF-8"?>
<!-- Generated by org.testng.reporters.JUnitReportReporter -->
<testsuite hostname="MacBook-Pro.local" failures="0" tests="1" name="skillbox.EventBookTest.FreeEventBookTest" time="35.091" errors="0" timestamp="2024-11-27T16:29:31 IST" skipped="0">
  <testcase classname="skillbox.EventBookTest.FreeEventBookTest" name="freeticketbook" time="35.091"/>
  <system-out/>
</testsuite> <!-- skillbox.EventBookTest.FreeEventBookTest -->
