<?xml version="1.0" encoding="UTF-8"?>
<!-- Generated by org.testng.reporters.JUnitReportReporter -->
<testsuite hostname="MacBook-Pro.local" failures="0" tests="1" name="skillbox.EventListTest.EventListTest" time="6.497" errors="0" timestamp="2024-05-07T18:01:49 IST" skipped="0">
  <testcase classname="skillbox.EventListTest.EventListTest" name="categoryFilter" time="6.497"/>
  <system-out/>
</testsuite> <!-- skillbox.EventListTest.EventListTest -->
