<?xml version="1.0" encoding="UTF-8"?>
<!-- Generated by org.testng.reporters.JUnitReportReporter -->
<testsuite hostname="DESKTOP-53M49C2" failures="0" tests="1" name="PunchSalesTest" time="36.655" errors="0" timestamp="2023-07-24T09:43:26 IST" skipped="0">
  <testcase classname="PunchSalesTest" name="punchsale" time="36.655"/>
</testsuite> <!-- PunchSalesTest -->
