<?xml version="1.0" encoding="UTF-8"?>
<!-- Generated by org.testng.reporters.JUnitReportReporter -->
<testsuite hostname="MacBook-Pro.local" failures="0" tests="1" name="skillbox.EventBookTest.PaidEventBookTest" time="68.389" errors="0" timestamp="2024-05-29T16:50:39 IST" skipped="0">
  <testcase classname="skillbox.EventBookTest.PaidEventBookTest" name="eventbook" time="68.389"/>
  <system-out/>
</testsuite> <!-- skillbox.EventBookTest.PaidEventBookTest -->
