<?xml version="1.0" encoding="UTF-8"?>
<!-- Generated by org.testng.reporters.JUnitReportReporter -->
<testsuite hostname="DESKTOP-53M49C2" failures="0" tests="3" name="skillbox.EventBookTest.AddOnEventBookTest" time="132.170" errors="0" timestamp="2023-08-29T16:22:50 IST" skipped="0">
  <testcase classname="skillbox.EventBookTest.AddOnEventBookTest" name="freeticketbook" time="42.480"/>
  <testcase classname="skillbox.EventBookTest.AddOnEventBookTest" name="freeticketbook" time="43.532"/>
  <testcase classname="skillbox.EventBookTest.AddOnEventBookTest" name="freeticketbook" time="46.158"/>
</testsuite> <!-- skillbox.EventBookTest.AddOnEventBookTest -->
