<?xml version="1.0" encoding="UTF-8"?>
<!-- Generated by org.testng.reporters.JUnitReportReporter -->
<testsuite hostname="DESKTOP-53M49C2" failures="0" tests="5" name="FeedsTest" time="79.099" errors="0" timestamp="2023-08-06T14:50:33 IST" skipped="0">
  <testcase classname="FeedsTest" name="text" time="9.288"/>
  <testcase classname="FeedsTest" name="like" time="2.402"/>
  <testcase classname="FeedsTest" name="audio" time="27.675"/>
  <testcase classname="FeedsTest" name="video" time="25.855"/>
  <testcase classname="FeedsTest" name="image" time="13.879"/>
</testsuite> <!-- FeedsTest -->
