<?xml version="1.0" encoding="UTF-8"?>
<!-- Generated by org.testng.reporters.JUnitReportReporter -->
<testsuite hostname="MacBook-Pro.local" failures="0" tests="1" name="skillbox.EventBookTest.PaidEventBookTest" time="58.043" errors="0" timestamp="2023-12-30T10:33:34 IST" skipped="0">
  <testcase classname="skillbox.EventBookTest.PaidEventBookTest" name="eventbook" time="58.043"/>
  <system-out/>
</testsuite> <!-- skillbox.EventBookTest.PaidEventBookTest -->
