<?xml version="1.0" encoding="UTF-8"?>
<!-- Generated by org.testng.reporters.JUnitReportReporter -->
<testsuite hostname="MacBook-Pro.local" failures="0" tests="1" name="skillbox.EventBookTest.SeatSectionEventBookTest" time="55.013" errors="0" timestamp="2025-04-16T11:43:44 IST" skipped="0">
  <testcase classname="skillbox.EventBookTest.SeatSectionEventBookTest" name="addoneventbook" time="55.013"/>
  <system-out/>
</testsuite> <!-- skillbox.EventBookTest.SeatSectionEventBookTest -->
