<?xml version="1.0" encoding="UTF-8"?>
<!-- Generated by org.testng.reporters.JUnitReportReporter -->
<testsuite hostname="MacBook-Pro.local" failures="0" tests="5" name="skillbox.FeedsTest.FeedsTest" time="76.010" errors="0" timestamp="2024-06-05T13:22:27 IST" skipped="0">
  <testcase classname="skillbox.FeedsTest.FeedsTest" name="text" time="13.028"/>
  <system-out/>
  <testcase classname="skillbox.FeedsTest.FeedsTest" name="like" time="2.420"/>
  <system-out/>
  <testcase classname="skillbox.FeedsTest.FeedsTest" name="audio" time="22.850"/>
  <system-out/>
  <testcase classname="skillbox.FeedsTest.FeedsTest" name="video" time="21.582"/>
  <system-out/>
  <testcase classname="skillbox.FeedsTest.FeedsTest" name="image" time="16.130"/>
  <system-out/>
</testsuite> <!-- skillbox.FeedsTest.FeedsTest -->
