<?xml version="1.0" encoding="UTF-8"?>
<!-- Generated by org.testng.reporters.JUnitReportReporter -->
<testsuite hostname="MacBook-Pro.local" failures="0" tests="1" name="skillbox.ManageSalesTest.BoostSalesTest" time="66.945" errors="0" timestamp="2024-07-02T12:07:29 IST" skipped="0">
  <testcase classname="skillbox.ManageSalesTest.BoostSalesTest" name="text" time="66.945"/>
  <system-out/>
</testsuite> <!-- skillbox.ManageSalesTest.BoostSalesTest -->
