<?xml version="1.0" encoding="UTF-8"?>
<!-- Generated by org.testng.reporters.JUnitReportReporter -->
<testsuite hostname="MacBook-Pro.local" failures="0" tests="1" name="skillbox.EventBookTest.DonationEventBookTest" time="56.573" errors="0" timestamp="2024-07-02T12:45:36 IST" skipped="0">
  <testcase classname="skillbox.EventBookTest.DonationEventBookTest" name="donationeventbook" time="56.573"/>
  <system-out/>
</testsuite> <!-- skillbox.EventBookTest.DonationEventBookTest -->
