<?xml version="1.0" encoding="UTF-8"?>
<!-- Generated by org.testng.reporters.JUnitReportReporter -->
<testsuite hostname="MacBook-Pro.local" failures="0" tests="1" name="skillbox.RFID.RFIDrechargeTest" time="35.664" errors="0" timestamp="2025-08-11T14:58:37 IST" skipped="0">
  <testcase classname="skillbox.RFID.RFIDrechargeTest" name="rfidrecharge" time="35.664"/>
</testsuite> <!-- skillbox.RFID.RFIDrechargeTest -->
