<?xml version="1.0" encoding="UTF-8"?>
<!-- Generated by org.testng.reporters.JUnitReportReporter -->
<testsuite hostname="MacBook-Pro.local" failures="0" tests="1" name="skillbox.CreateDiyTest.CreateDiyTest" time="198.780" errors="0" timestamp="2025-04-14T04:07:13 IST" skipped="0">
  <testcase classname="skillbox.CreateDiyTest.CreateDiyTest" name="creatediy" time="198.780"/>
  <system-out/>
</testsuite> <!-- skillbox.CreateDiyTest.CreateDiyTest -->
