<?xml version="1.0" encoding="UTF-8"?>
<!-- Generated by org.testng.reporters.JUnitReportReporter -->
<testsuite hostname="MacBook-Pro.local" failures="0" tests="1" name="skillbox.ManageSalesTest.ManageSalesTest" time="30.706" errors="0" timestamp="2024-05-07T14:47:49 IST" skipped="0">
  <testcase classname="skillbox.ManageSalesTest.ManageSalesTest" name="text" time="30.706"/>
  <system-out/>
</testsuite> <!-- skillbox.ManageSalesTest.ManageSalesTest -->
